<?xml version="1.0" encoding="utf-8"?>
<TestRun id="2bffc573-702b-4416-9eed-0d71bbd0cbc9" name="jpawe@JAS 2026-04-01 12:31:34" runUser="JAS\jpawe" xmlns="http://microsoft.com/schemas/VisualStudio/TeamTest/2010">
  <Times creation="2026-04-01T12:31:34.4841616-05:00" queuing="2026-04-01T12:31:34.4841622-05:00" start="2026-04-01T12:31:32.9289896-05:00" finish="2026-04-01T12:31:34.9888470-05:00" />
  <TestSettings name="default" id="e15ef74e-93d0-4eb3-a5e1-93c72b1df8f3">
    <Deployment runDeploymentRoot="jpawe_JAS_2026-04-01_12_31_34" />
  </TestSettings>
  <Results>
    <UnitTestResult executionId="498b0d18-ff27-4e32-b34c-fc60310451a4" testId="d6ccf409-2283-113e-c139-2a7213c85b04" testName="PracticeBeforeThePatient.Tests.Unit.DevAccessStoreTests.IsTeacherAsync_ReturnsFalse_ForStudent" computerName="JAS" duration="00:00:00.0014261" startTime="2026-04-01T12:31:34.6411078-05:00" endTime="2026-04-01T12:31:34.6411079-05:00" testType="13cdc9d9-ddb5-4fa4-a97d-d965ccfc6d4b" outcome="Passed" testListId="8c84fa94-04c1-424b-9868-57a2d4851a1d" relativeResultsDirectory="498b0d18-ff27-4e32-b34c-fc60310451a4" />
    <UnitTestResult executionId="f84a7ee5-344a-4158-995e-9f8573dd0443" testId="8f6283c0-c335-4ca0-648e-b93b2092a017" testName="PracticeBeforeThePatient.Tests.Unit.DevAccessStoreTests.NormalizeRole_ReturnsExpectedRole(input: null, expected: &quot;student&quot;)" computerName="JAS" duration="00:00:00.0002456" startTime="2026-04-01T12:31:34.6408843-05:00" endTime="2026-04-01T12:31:34.6408843-05:00" testType="13cdc9d9-ddb5-4fa4-a97d-d965ccfc6d4b" outcome="Passed" testListId="8c84fa94-04c1-424b-9868-57a2d4851a1d" relativeResultsDirectory="f84a7ee5-344a-4158-995e-9f8573dd0443" />
    <UnitTestResult executionId="971e688c-536f-49c1-a35c-1fff43c7c6bb" testId="16ab9b37-434f-c0f1-c37b-c65a038b9372" testName="PracticeBeforeThePatient.Tests.Unit.DevAccessStoreTests.GetCurrentRoleAsync_ReturnsStudentRole_ForStudentUser" computerName="JAS" duration="00:00:00.0013875" startTime="2026-04-01T12:31:34.6412350-05:00" endTime="2026-04-01T12:31:34.6412351-05:00" testType="13cdc9d9-ddb5-4fa4-a97d-d965ccfc6d4b" outcome="Passed" testListId="8c84fa94-04c1-424b-9868-57a2d4851a1d" relativeResultsDirectory="971e688c-536f-49c1-a35c-1fff43c7c6bb" />
    <UnitTestResult executionId="16b6b979-885b-481e-a55f-e633b2feb281" testId="7f2b04db-30b4-13be-7d72-aa058d874a4e" testName="PracticeBeforeThePatient.Tests.Integration.ScenariosControllerTests.GetScenarios_ReturnsOk" computerName="JAS" duration="00:00:00.0053261" startTime="2026-04-01T12:31:34.7250444-05:00" endTime="2026-04-01T12:31:34.7250447-05:00" testType="13cdc9d9-ddb5-4fa4-a97d-d965ccfc6d4b" outcome="Passed" testListId="8c84fa94-04c1-424b-9868-57a2d4851a1d" relativeResultsDirectory="16b6b979-885b-481e-a55f-e633b2feb281" />
    <UnitTestResult executionId="7260ec2f-412a-45b0-befb-08773335a4db" testId="16fa8a8a-7f64-5caa-aad0-bb18d54e3334" testName="PracticeBeforeThePatient.Tests.Unit.DevAccessStoreTests.GetCurrentEmailAsync_ReturnsDefaultEmail_WhenNotSet" computerName="JAS" duration="00:00:00.0011214" startTime="2026-04-01T12:31:34.6359707-05:00" endTime="2026-04-01T12:31:34.6359708-05:00" testType="13cdc9d9-ddb5-4fa4-a97d-d965ccfc6d4b" outcome="Passed" testListId="8c84fa94-04c1-424b-9868-57a2d4851a1d" relativeResultsDirectory="7260ec2f-412a-45b0-befb-08773335a4db" />
    <UnitTestResult executionId="df073d03-c354-42e9-87f8-2e5f0b7fb5a6" testId="4b8c328f-d155-9b44-a0c8-25fde8c0894e" testName="PracticeBeforeThePatient.Tests.Unit.DevAccessStoreTests.NormalizeRole_ReturnsExpectedRole(input: &quot;ADMIN&quot;, expected: &quot;admin&quot;)" computerName="JAS" duration="00:00:00.0002539" startTime="2026-04-01T12:31:34.6362135-05:00" endTime="2026-04-01T12:31:34.6362135-05:00" testType="13cdc9d9-ddb5-4fa4-a97d-d965ccfc6d4b" outcome="Passed" testListId="8c84fa94-04c1-424b-9868-57a2d4851a1d" relativeResultsDirectory="df073d03-c354-42e9-87f8-2e5f0b7fb5a6" />
    <UnitTestResult executionId="5248d70b-dad5-41cf-88b1-eced68b2960a" testId="9e5e806d-0afb-2a68-9989-dcd808e18fe5" testName="PracticeBeforeThePatient.Tests.Integration.ClassManagementTests.AddTeacherToClass_CreatesTeachingAssignment" computerName="JAS" duration="00:00:00.0087496" startTime="2026-04-01T12:31:34.7258123-05:00" endTime="2026-04-01T12:31:34.7258125-05:00" testType="13cdc9d9-ddb5-4fa4-a97d-d965ccfc6d4b" outcome="Passed" testListId="8c84fa94-04c1-424b-9868-57a2d4851a1d" relativeResultsDirectory="5248d70b-dad5-41cf-88b1-eced68b2960a" />
    <UnitTestResult executionId="949cccb1-e869-4d02-988e-1993c3bc5d7c" testId="8e58f3cd-a441-5a79-48a1-42b26559d9fe" testName="PracticeBeforeThePatient.Tests.Integration.AccessControllerTests.SetDevUser_ReturnsBadRequest_WhenBodyIsNull" computerName="JAS" duration="00:00:00.0060556" startTime="2026-04-01T12:31:34.7304890-05:00" endTime="2026-04-01T12:31:34.7304892-05:00" testType="13cdc9d9-ddb5-4fa4-a97d-d965ccfc6d4b" outcome="Passed" testListId="8c84fa94-04c1-424b-9868-57a2d4851a1d" relativeResultsDirectory="949cccb1-e869-4d02-988e-1993c3bc5d7c" />
    <UnitTestResult executionId="c78b28a7-4316-4fd3-a553-33ae3ccae767" testId="5ce6a17a-a9e0-e07b-6f51-d20d3042edbf" testName="PracticeBeforeThePatient.Tests.Unit.DevAccessStoreTests.GetCurrentRoleAsync_ReturnsTeacherRole_ForTeacherUser" computerName="JAS" duration="00:00:00.1964898" startTime="2026-04-01T12:31:34.6012436-05:00" endTime="2026-04-01T12:31:34.6012438-05:00" testType="13cdc9d9-ddb5-4fa4-a97d-d965ccfc6d4b" outcome="Passed" testListId="8c84fa94-04c1-424b-9868-57a2d4851a1d" relativeResultsDirectory="c78b28a7-4316-4fd3-a553-33ae3ccae767" />
    <UnitTestResult executionId="f88db302-8633-4a0c-83bf-de7945cb6ea5" testId="e3db8f60-8528-f4fb-6710-95bd24e29e52" testName="PracticeBeforeThePatient.Tests.Unit.ScenarioValidationTests.Scenario_MustHaveTitle" computerName="JAS" duration="00:00:00.0080331" startTime="2026-04-01T12:31:33.7908775-05:00" endTime="2026-04-01T12:31:33.7909056-05:00" testType="13cdc9d9-ddb5-4fa4-a97d-d965ccfc6d4b" outcome="Passed" testListId="8c84fa94-04c1-424b-9868-57a2d4851a1d" relativeResultsDirectory="f88db302-8633-4a0c-83bf-de7945cb6ea5" />
    <UnitTestResult executionId="cfc8652c-9716-49d8-8d48-991a58e58ef9" testId="1d39ba0b-2ad6-8151-aa4e-b1daacfdd15e" testName="PracticeBeforeThePatient.Tests.Integration.AccessControllerTests.GetAccess_ReturnsOk" computerName="JAS" duration="00:00:00.0047101" startTime="2026-04-01T12:31:34.8730621-05:00" endTime="2026-04-01T12:31:34.8730624-05:00" testType="13cdc9d9-ddb5-4fa4-a97d-d965ccfc6d4b" outcome="Passed" testListId="8c84fa94-04c1-424b-9868-57a2d4851a1d" relativeResultsDirectory="cfc8652c-9716-49d8-8d48-991a58e58ef9" />
    <UnitTestResult executionId="b7387fde-62d8-4833-9030-2434bcd1f1fd" testId="c70b220e-c6e8-2426-565e-e630114be344" testName="PracticeBeforeThePatient.Tests.Integration.AccessControllerTests.SetTheme_UpdatesUserTheme" computerName="JAS" duration="00:00:00.0174310" startTime="2026-04-01T12:31:34.8617903-05:00" endTime="2026-04-01T12:31:34.8617906-05:00" testType="13cdc9d9-ddb5-4fa4-a97d-d965ccfc6d4b" outcome="Passed" testListId="8c84fa94-04c1-424b-9868-57a2d4851a1d" relativeResultsDirectory="b7387fde-62d8-4833-9030-2434bcd1f1fd" />
    <UnitTestResult executionId="6cec8350-f155-4f95-b346-1995a00a11c2" testId="c3fb1e9e-4095-d364-c142-e2456682df48" testName="PracticeBeforeThePatient.Tests.Integration.AccessControllerTests.AdminUser_HasTeacherAndAdminFlags" computerName="JAS" duration="00:00:00.0240667" startTime="2026-04-01T12:31:34.7550945-05:00" endTime="2026-04-01T12:31:34.7550947-05:00" testType="13cdc9d9-ddb5-4fa4-a97d-d965ccfc6d4b" outcome="Passed" testListId="8c84fa94-04c1-424b-9868-57a2d4851a1d" relativeResultsDirectory="6cec8350-f155-4f95-b346-1995a00a11c2" />
    <UnitTestResult executionId="491a105d-a4e2-4e0f-a2ac-948bf6b6e432" testId="6ec65e93-7392-b43a-f26e-1349f4938880" testName="PracticeBeforeThePatient.Tests.Integration.ClassManagementTests.AddStudentToClass_CreatesEnrollment" computerName="JAS" duration="00:00:00.0022135" startTime="2026-04-01T12:31:34.7169373-05:00" endTime="2026-04-01T12:31:34.7169375-05:00" testType="13cdc9d9-ddb5-4fa4-a97d-d965ccfc6d4b" outcome="Passed" testListId="8c84fa94-04c1-424b-9868-57a2d4851a1d" relativeResultsDirectory="491a105d-a4e2-4e0f-a2ac-948bf6b6e432" />
    <UnitTestResult executionId="01a4b2d8-ce6a-4977-95ae-15a4c63b9b96" testId="722a179a-1007-2153-cea1-cf7254996070" testName="PracticeBeforeThePatient.Tests.Integration.GradingTests.Grade_AcceptsValidRange(grade: 0)" computerName="JAS" duration="00:00:00.0010938" startTime="2026-04-01T12:31:34.7572419-05:00" endTime="2026-04-01T12:31:34.7572420-05:00" testType="13cdc9d9-ddb5-4fa4-a97d-d965ccfc6d4b" outcome="Passed" testListId="8c84fa94-04c1-424b-9868-57a2d4851a1d" relativeResultsDirectory="01a4b2d8-ce6a-4977-95ae-15a4c63b9b96" />
    <UnitTestResult executionId="2ca6e236-044b-43a9-b683-f66291ce5927" testId="84c3214a-a6d4-ece8-4931-ae14c58c8f49" testName="PracticeBeforeThePatient.Tests.Integration.AccessControllerTests.SetDevUser_ChangesCurrentUser" computerName="JAS" duration="00:00:00.9501822" startTime="2026-04-01T12:31:34.7238524-05:00" endTime="2026-04-01T12:31:34.7238526-05:00" testType="13cdc9d9-ddb5-4fa4-a97d-d965ccfc6d4b" outcome="Passed" testListId="8c84fa94-04c1-424b-9868-57a2d4851a1d" relativeResultsDirectory="2ca6e236-044b-43a9-b683-f66291ce5927" />
    <UnitTestResult executionId="bc9a0cac-3a8d-4472-90e5-79d86f23d0bf" testId="31c32491-a6a7-1717-cdf6-2bcab508a440" testName="PracticeBeforeThePatient.Tests.Integration.ScenariosControllerTests.GetScenarios_ReturnsListOfScenarioIds" computerName="JAS" duration="00:00:00.0824728" startTime="2026-04-01T12:31:34.7194995-05:00" endTime="2026-04-01T12:31:34.7194997-05:00" testType="13cdc9d9-ddb5-4fa4-a97d-d965ccfc6d4b" outcome="Failed" testListId="8c84fa94-04c1-424b-9868-57a2d4851a1d" relativeResultsDirectory="bc9a0cac-3a8d-4472-90e5-79d86f23d0bf">
      <Output>
        <ErrorInfo>
          <Message>Assert.Contains() Failure: Item not found in collection&#xD;
Collection: []&#xD;
Not found:  "list-scenario-1"</Message>
          <StackTrace>   at PracticeBeforeThePatient.Tests.Integration.ScenariosControllerTests.GetScenarios_ReturnsListOfScenarioIds() in C:\Users\jpawe\source\repos\kieraschnell\CS495-PracticeBeforeThePatient\PracticeBeforeThePatient.Tests\Integration\ScenariosControllerTests.cs:line 40&#xD;
--- End of stack trace from previous location ---</StackTrace>
        </ErrorInfo>
      </Output>
    </UnitTestResult>
    <UnitTestResult executionId="5bd0c30a-428a-4a4f-9bfc-fbeaf96e0135" testId="05a01b35-a5ef-1c70-3308-13ae88b60218" testName="PracticeBeforeThePatient.Tests.Integration.GradingTests.Submission_CanBeGraded" computerName="JAS" duration="00:00:00.0055889" startTime="2026-04-01T12:31:34.7629734-05:00" endTime="2026-04-01T12:31:34.7629738-05:00" testType="13cdc9d9-ddb5-4fa4-a97d-d965ccfc6d4b" outcome="Passed" testListId="8c84fa94-04c1-424b-9868-57a2d4851a1d" relativeResultsDirectory="5bd0c30a-428a-4a4f-9bfc-fbeaf96e0135" />
    <UnitTestResult executionId="18254d42-3f90-4d3d-acaf-05662d80635d" testId="0ca5d452-2b2b-c4ea-4fed-0f59460c572c" testName="PracticeBeforeThePatient.Tests.Unit.DevAccessStoreTests.SetThemeForCurrentEmailAsync_ReturnsFalse_WhenNoUserSet" computerName="JAS" duration="00:00:00.0010727" startTime="2026-04-01T12:31:34.6360282-05:00" endTime="2026-04-01T12:31:34.6360283-05:00" testType="13cdc9d9-ddb5-4fa4-a97d-d965ccfc6d4b" outcome="Passed" testListId="8c84fa94-04c1-424b-9868-57a2d4851a1d" relativeResultsDirectory="18254d42-3f90-4d3d-acaf-05662d80635d" />
    <UnitTestResult executionId="1be0b393-bb12-4d93-a8d8-10afc422f096" testId="b87ce562-5818-30a6-5b16-66da05beae9d" testName="PracticeBeforeThePatient.Tests.Unit.ScenarioValidationTests.Scenario_WithTitle_IsValid" computerName="JAS" duration="00:00:00.0002926" startTime="2026-04-01T12:31:33.7958904-05:00" endTime="2026-04-01T12:31:33.7958905-05:00" testType="13cdc9d9-ddb5-4fa4-a97d-d965ccfc6d4b" outcome="Passed" testListId="8c84fa94-04c1-424b-9868-57a2d4851a1d" relativeResultsDirectory="1be0b393-bb12-4d93-a8d8-10afc422f096" />
    <UnitTestResult executionId="9bc53661-cf3c-4dee-953c-bdc918cd0109" testId="73ecead3-a5ab-5f7c-9fcd-dcf5f68f8c95" testName="PracticeBeforeThePatient.Tests.Unit.EntityRelationshipTests.StudentEnrollment_CorrectlyLinksStudentToClass" computerName="JAS" duration="00:00:00.0075592" startTime="2026-04-01T12:31:34.7835050-05:00" endTime="2026-04-01T12:31:34.7835054-05:00" testType="13cdc9d9-ddb5-4fa4-a97d-d965ccfc6d4b" outcome="Passed" testListId="8c84fa94-04c1-424b-9868-57a2d4851a1d" relativeResultsDirectory="9bc53661-cf3c-4dee-953c-bdc918cd0109" />
    <UnitTestResult executionId="f310a610-847f-4540-a630-09f98d71a503" testId="a9a94827-7026-ff72-038b-fda7fbe205bd" testName="PracticeBeforeThePatient.Tests.Unit.EntityRelationshipTests.UserEntity_UniqueEmailConstraint_PreventsDuplicates" computerName="JAS" duration="00:00:00.0032728" startTime="2026-04-01T12:31:34.7646277-05:00" endTime="2026-04-01T12:31:34.7646278-05:00" testType="13cdc9d9-ddb5-4fa4-a97d-d965ccfc6d4b" outcome="Passed" testListId="8c84fa94-04c1-424b-9868-57a2d4851a1d" relativeResultsDirectory="f310a610-847f-4540-a630-09f98d71a503" />
    <UnitTestResult executionId="9195d0a2-5489-46e0-80e6-031cc347faf7" testId="971abf75-948c-b438-91ce-5e25c0b0ca90" testName="PracticeBeforeThePatient.Tests.Unit.DevAccessStoreTests.GetCurrentRoleAsync_ReturnsAdminRole_ForAdminUser" computerName="JAS" duration="00:00:00.0023478" startTime="2026-04-01T12:31:34.6425543-05:00" endTime="2026-04-01T12:31:34.6425545-05:00" testType="13cdc9d9-ddb5-4fa4-a97d-d965ccfc6d4b" outcome="Passed" testListId="8c84fa94-04c1-424b-9868-57a2d4851a1d" relativeResultsDirectory="9195d0a2-5489-46e0-80e6-031cc347faf7" />
    <UnitTestResult executionId="5b33d5af-b3e7-4505-8dd0-0be45e9f3ed2" testId="76cc2f4d-a8e1-3219-6788-4b347b05c6d0" testName="PracticeBeforeThePatient.Tests.Unit.DevAccessStoreTests.NormalizeRole_ReturnsExpectedRole(input: &quot;unknown&quot;, expected: &quot;student&quot;)" computerName="JAS" duration="00:00:00.0002754" startTime="2026-04-01T12:31:34.6382659-05:00" endTime="2026-04-01T12:31:34.6382660-05:00" testType="13cdc9d9-ddb5-4fa4-a97d-d965ccfc6d4b" outcome="Passed" testListId="8c84fa94-04c1-424b-9868-57a2d4851a1d" relativeResultsDirectory="5b33d5af-b3e7-4505-8dd0-0be45e9f3ed2" />
    <UnitTestResult executionId="51a543c3-3d17-4121-b332-c2e322f9bc86" testId="17c4c705-dd25-6902-48ec-0d51cab436b4" testName="PracticeBeforeThePatient.Tests.Integration.GradingTests.Grade_AcceptsValidRange(grade: 50)" computerName="JAS" duration="00:00:00.0087706" startTime="2026-04-01T12:31:34.7544184-05:00" endTime="2026-04-01T12:31:34.7544186-05:00" testType="13cdc9d9-ddb5-4fa4-a97d-d965ccfc6d4b" outcome="Passed" testListId="8c84fa94-04c1-424b-9868-57a2d4851a1d" relativeResultsDirectory="51a543c3-3d17-4121-b332-c2e322f9bc86" />
    <UnitTestResult executionId="3f5e3c82-50d0-4a40-9565-758cd325cc12" testId="360470d6-78fd-8136-3cf1-cdb8bd89b26d" testName="PracticeBeforeThePatient.Tests.Unit.EntityRelationshipTests.ClassEntity_UniqueNameConstraint_Exists" computerName="JAS" duration="00:00:00.0065017" startTime="2026-04-01T12:31:34.7609993-05:00" endTime="2026-04-01T12:31:34.7609995-05:00" testType="13cdc9d9-ddb5-4fa4-a97d-d965ccfc6d4b" outcome="Passed" testListId="8c84fa94-04c1-424b-9868-57a2d4851a1d" relativeResultsDirectory="3f5e3c82-50d0-4a40-9565-758cd325cc12" />
    <UnitTestResult executionId="12250c5c-25ce-445d-964f-1659b0c5675d" testId="fc6d8f1d-84bd-5d6c-2ac1-bd6fe587ac5d" testName="PracticeBeforeThePatient.Tests.Integration.ScenariosControllerTests.GetScenarioById_ReturnsScenario_WhenExists" computerName="JAS" duration="00:00:00.0055925" startTime="2026-04-01T12:31:34.7351415-05:00" endTime="2026-04-01T12:31:34.7351417-05:00" testType="13cdc9d9-ddb5-4fa4-a97d-d965ccfc6d4b" outcome="Failed" testListId="8c84fa94-04c1-424b-9868-57a2d4851a1d" relativeResultsDirectory="12250c5c-25ce-445d-964f-1659b0c5675d">
      <Output>
        <ErrorInfo>
          <Message>System.InvalidOperationException : No authenticationScheme was specified, and there was no DefaultForbidScheme found. The default schemes can be set using either AddAuthentication(string defaultScheme) or AddAuthentication(Action&lt;AuthenticationOptions&gt; configureOptions).</Message>
          <StackTrace>   at Microsoft.AspNetCore.Authentication.AuthenticationService.ForbidAsync(HttpContext context, String scheme, AuthenticationProperties properties)&#xD;
   at Microsoft.AspNetCore.Mvc.ForbidResult.ExecuteResultAsync(ActionContext context)&#xD;
   at Microsoft.AspNetCore.Mvc.Infrastructure.ResourceInvoker.&lt;InvokeNextResultFilterAsync&gt;g__Awaited|30_0[TFilter,TFilterAsync](ResourceInvoker invoker, Task lastTask, State next, Scope scope, Object state, Boolean isCompleted)&#xD;
   at Microsoft.AspNetCore.Mvc.Infrastructure.ResourceInvoker.Rethrow(ResultExecutedContextSealed context)&#xD;
   at Microsoft.AspNetCore.Mvc.Infrastructure.ResourceInvoker.ResultNext[TFilter,TFilterAsync](State&amp; next, Scope&amp; scope, Object&amp; state, Boolean&amp; isCompleted)&#xD;
   at Microsoft.AspNetCore.Mvc.Infrastructure.ResourceInvoker.InvokeResultFilters()&#xD;
--- End of stack trace from previous location ---&#xD;
   at Microsoft.AspNetCore.Mvc.Infrastructure.ResourceInvoker.&lt;InvokeFilterPipelineAsync&gt;g__Awaited|20_0(ResourceInvoker invoker, Task lastTask, State next, Scope scope, Object state, Boolean isCompleted)&#xD;
   at Microsoft.AspNetCore.Mvc.Infrastructure.ResourceInvoker.&lt;InvokeAsync&gt;g__Awaited|17_0(ResourceInvoker invoker, Task task, IDisposable scope)&#xD;
   at Microsoft.AspNetCore.Mvc.Infrastructure.ResourceInvoker.&lt;InvokeAsync&gt;g__Awaited|17_0(ResourceInvoker invoker, Task task, IDisposable scope)&#xD;
   at Microsoft.AspNetCore.Authorization.AuthorizationMiddleware.Invoke(HttpContext context)&#xD;
   at Microsoft.AspNetCore.Authentication.AuthenticationMiddleware.Invoke(HttpContext context)&#xD;
   at Microsoft.AspNetCore.TestHost.HttpContextBuilder.&lt;&gt;c__DisplayClass23_0.&lt;&lt;SendAsync&gt;g__RunRequestAsync|0&gt;d.MoveNext()&#xD;
--- End of stack trace from previous location ---&#xD;
   at Microsoft.AspNetCore.TestHost.ClientHandler.SendAsync(HttpRequestMessage request, CancellationToken cancellationToken)&#xD;
   at Microsoft.AspNetCore.Mvc.Testing.Handlers.CookieContainerHandler.SendAsync(HttpRequestMessage request, CancellationToken cancellationToken)&#xD;
   at Microsoft.AspNetCore.Mvc.Testing.Handlers.RedirectHandler.SendAsync(HttpRequestMessage request, CancellationToken cancellationToken)&#xD;
   at System.Net.Http.HttpClient.&lt;SendAsync&gt;g__Core|83_0(HttpRequestMessage request, HttpCompletionOption completionOption, CancellationTokenSource cts, Boolean disposeCts, CancellationTokenSource pendingRequestsCts, CancellationToken originalCancellationToken)&#xD;
   at PracticeBeforeThePatient.Tests.Integration.ScenariosControllerTests.GetScenarioById_ReturnsScenario_WhenExists() in C:\Users\jpawe\source\repos\kieraschnell\CS495-PracticeBeforeThePatient\PracticeBeforeThePatient.Tests\Integration\ScenariosControllerTests.cs:line 52&#xD;
--- End of stack trace from previous location ---</StackTrace>
        </ErrorInfo>
      </Output>
    </UnitTestResult>
    <UnitTestResult executionId="57b58263-1f02-404a-89e0-939c7613343b" testId="cea62f3b-1af1-3912-417a-4fb17374cf23" testName="PracticeBeforeThePatient.Tests.Unit.DevAccessStoreTests.SetCurrentEmailAsync_UpdatesCurrentEmail" computerName="JAS" duration="00:00:00.6309682" startTime="2026-04-01T12:31:34.4041805-05:00" endTime="2026-04-01T12:31:34.4041807-05:00" testType="13cdc9d9-ddb5-4fa4-a97d-d965ccfc6d4b" outcome="Passed" testListId="8c84fa94-04c1-424b-9868-57a2d4851a1d" relativeResultsDirectory="57b58263-1f02-404a-89e0-939c7613343b" />
    <UnitTestResult executionId="0b17fb2d-0cfe-4d94-9797-afb3fc01e10d" testId="95fab907-7273-7f19-955e-785f7ed3cc79" testName="PracticeBeforeThePatient.Tests.Integration.GradingTests.Grade_AcceptsValidRange(grade: 100)" computerName="JAS" duration="00:00:00.0016374" startTime="2026-04-01T12:31:34.7561149-05:00" endTime="2026-04-01T12:31:34.7561150-05:00" testType="13cdc9d9-ddb5-4fa4-a97d-d965ccfc6d4b" outcome="Passed" testListId="8c84fa94-04c1-424b-9868-57a2d4851a1d" relativeResultsDirectory="0b17fb2d-0cfe-4d94-9797-afb3fc01e10d" />
    <UnitTestResult executionId="0be7a1b3-ba7a-4a45-ba6b-64e8bf180e18" testId="bcc4cecd-e3a3-2c8b-8c73-6d8b267be21c" testName="PracticeBeforeThePatient.Tests.Integration.AccessControllerTests.Student_SeesOnlyAssignedScenarios" computerName="JAS" duration="00:00:00.0706006" startTime="2026-04-01T12:31:34.8349672-05:00" endTime="2026-04-01T12:31:34.8349675-05:00" testType="13cdc9d9-ddb5-4fa4-a97d-d965ccfc6d4b" outcome="Passed" testListId="8c84fa94-04c1-424b-9868-57a2d4851a1d" relativeResultsDirectory="0be7a1b3-ba7a-4a45-ba6b-64e8bf180e18" />
    <UnitTestResult executionId="a5b9e2d6-5e68-4065-b661-ac64a6e036b1" testId="452709e8-1da6-8610-0925-66c7f0cfe24c" testName="PracticeBeforeThePatient.Tests.Unit.DevAccessStoreTests.SetThemeForCurrentEmailAsync_SetsTheme" computerName="JAS" duration="00:00:00.0021514" startTime="2026-04-01T12:31:34.6036292-05:00" endTime="2026-04-01T12:31:34.6036295-05:00" testType="13cdc9d9-ddb5-4fa4-a97d-d965ccfc6d4b" outcome="Passed" testListId="8c84fa94-04c1-424b-9868-57a2d4851a1d" relativeResultsDirectory="a5b9e2d6-5e68-4065-b661-ac64a6e036b1" />
    <UnitTestResult executionId="29398e27-4397-421e-8518-aa056927e314" testId="cab5da44-6b87-1a5e-0df1-cdb01a2b83e3" testName="PracticeBeforeThePatient.Tests.Unit.DevAccessStoreTests.GetThemeForCurrentEmailAsync_ReturnsLightByDefault" computerName="JAS" duration="00:00:00.0010406" startTime="2026-04-01T12:31:34.6411765-05:00" endTime="2026-04-01T12:31:34.6411766-05:00" testType="13cdc9d9-ddb5-4fa4-a97d-d965ccfc6d4b" outcome="Passed" testListId="8c84fa94-04c1-424b-9868-57a2d4851a1d" relativeResultsDirectory="29398e27-4397-421e-8518-aa056927e314" />
    <UnitTestResult executionId="7227e613-1c90-4139-8378-27462a94a4e8" testId="1ca7cc5b-040f-7a8f-fd65-eda7c359d6b6" testName="PracticeBeforeThePatient.Tests.Integration.ClassManagementTests.AddingStudent_CreatesUserIfNotExists" computerName="JAS" duration="00:00:00.0149396" startTime="2026-04-01T12:31:34.7420406-05:00" endTime="2026-04-01T12:31:34.7420409-05:00" testType="13cdc9d9-ddb5-4fa4-a97d-d965ccfc6d4b" outcome="Passed" testListId="8c84fa94-04c1-424b-9868-57a2d4851a1d" relativeResultsDirectory="7227e613-1c90-4139-8378-27462a94a4e8" />
    <UnitTestResult executionId="77bdcfbf-5b86-4835-b15d-d704d5134bee" testId="d26b9dac-c0c4-389d-e049-5c82c6b66f17" testName="PracticeBeforeThePatient.Tests.Unit.DevAccessStoreTests.NormalizeRole_ReturnsExpectedRole(input: &quot;instructor&quot;, expected: &quot;teacher&quot;)" computerName="JAS" duration="00:00:00.0002434" startTime="2026-04-01T12:31:34.6409420-05:00" endTime="2026-04-01T12:31:34.6409420-05:00" testType="13cdc9d9-ddb5-4fa4-a97d-d965ccfc6d4b" outcome="Passed" testListId="8c84fa94-04c1-424b-9868-57a2d4851a1d" relativeResultsDirectory="77bdcfbf-5b86-4835-b15d-d704d5134bee" />
    <UnitTestResult executionId="7257a04c-31be-45ba-ac83-80c57bdb6e1f" testId="79a3a9ed-d30c-9483-e365-f36e1ddabdcb" testName="PracticeBeforeThePatient.Tests.Integration.AccessControllerTests.TeacherUser_HasTeacherFlagOnly" computerName="JAS" duration="00:00:00.0081528" startTime="2026-04-01T12:31:34.7638264-05:00" endTime="2026-04-01T12:31:34.7638265-05:00" testType="13cdc9d9-ddb5-4fa4-a97d-d965ccfc6d4b" outcome="Passed" testListId="8c84fa94-04c1-424b-9868-57a2d4851a1d" relativeResultsDirectory="7257a04c-31be-45ba-ac83-80c57bdb6e1f" />
    <UnitTestResult executionId="4b26a7f9-8644-4789-bd72-6f82b74d8452" testId="e6019dfd-edb4-a836-524d-3ce12ea178a3" testName="PracticeBeforeThePatient.Tests.Unit.ScenarioValidationTests.Scenario_HasRequiredProperties" computerName="JAS" duration="00:00:00.0003727" startTime="2026-04-01T12:31:33.7963801-05:00" endTime="2026-04-01T12:31:33.7963801-05:00" testType="13cdc9d9-ddb5-4fa4-a97d-d965ccfc6d4b" outcome="Passed" testListId="8c84fa94-04c1-424b-9868-57a2d4851a1d" relativeResultsDirectory="4b26a7f9-8644-4789-bd72-6f82b74d8452" />
    <UnitTestResult executionId="9549c183-d401-4427-a3a9-a36c812f8366" testId="90d0483b-68da-eb76-83a3-ea23c584bbcc" testName="PracticeBeforeThePatient.Tests.Unit.EntityRelationshipTests.Submission_CorrectlyLinksToAssignmentAndStudent" computerName="JAS" duration="00:00:00.0072838" startTime="2026-04-01T12:31:34.7544902-05:00" endTime="2026-04-01T12:31:34.7544903-05:00" testType="13cdc9d9-ddb5-4fa4-a97d-d965ccfc6d4b" outcome="Passed" testListId="8c84fa94-04c1-424b-9868-57a2d4851a1d" relativeResultsDirectory="9549c183-d401-4427-a3a9-a36c812f8366" />
    <UnitTestResult executionId="1aa735f0-27d7-4443-a039-1e92a47e607a" testId="f3ef6de2-7fbb-bfa0-c225-e1f23673596a" testName="PracticeBeforeThePatient.Tests.Integration.ClassManagementTests.CreateAssignment_WithScenarioAndDueDate_Succeeds" computerName="JAS" duration="00:00:00.8868754" startTime="2026-04-01T12:31:34.6643124-05:00" endTime="2026-04-01T12:31:34.6643127-05:00" testType="13cdc9d9-ddb5-4fa4-a97d-d965ccfc6d4b" outcome="Passed" testListId="8c84fa94-04c1-424b-9868-57a2d4851a1d" relativeResultsDirectory="1aa735f0-27d7-4443-a039-1e92a47e607a" />
    <UnitTestResult executionId="55518fdf-84ca-48ac-9bad-46a252561e2e" testId="d4c40bf0-ed03-b9ab-da02-ad6ac1d4101e" testName="PracticeBeforeThePatient.Tests.Unit.DevAccessStoreTests.IsAdminAsync_ReturnsTrue_OnlyForAdmin" computerName="JAS" duration="00:00:00.0030580" startTime="2026-04-01T12:31:34.6356366-05:00" endTime="2026-04-01T12:31:34.6356369-05:00" testType="13cdc9d9-ddb5-4fa4-a97d-d965ccfc6d4b" outcome="Failed" testListId="8c84fa94-04c1-424b-9868-57a2d4851a1d" relativeResultsDirectory="55518fdf-84ca-48ac-9bad-46a252561e2e">
      <Output>
        <ErrorInfo>
          <Message>System.ObjectDisposedException : Cannot access a disposed context instance. A common cause of this error is disposing a context instance that was resolved from dependency injection and then later trying to use the same context instance elsewhere in your application. This may occur if you are calling 'Dispose' on the context instance, or wrapping it in a using statement. If you are using dependency injection, you should let the dependency injection container take care of disposing context instances.&#xD;
Object name: 'AppDbContext'.</Message>
          <StackTrace>   at Microsoft.EntityFrameworkCore.DbContext.CheckDisposed()&#xD;
   at Microsoft.EntityFrameworkCore.DbContext.get_DbContextDependencies()&#xD;
   at Microsoft.EntityFrameworkCore.DbContext.Set[TEntity]()&#xD;
   at PracticeBeforeThePatient.Data.AppDbContext.get_Users() in C:\Users\jpawe\source\repos\kieraschnell\CS495-PracticeBeforeThePatient\PracticeBeforeThePatient.Api\Data\AppDbContext.cs:line 10&#xD;
   at PracticeBeforeThePatient.Services.DevAccessStore.GetCurrentRoleAsync() in C:\Users\jpawe\source\repos\kieraschnell\CS495-PracticeBeforeThePatient\PracticeBeforeThePatient.Api\Services\DevAccessStore.cs:line 46&#xD;
   at PracticeBeforeThePatient.Services.DevAccessStore.IsAdminAsync() in C:\Users\jpawe\source\repos\kieraschnell\CS495-PracticeBeforeThePatient\PracticeBeforeThePatient.Api\Services\DevAccessStore.cs:line 59&#xD;
   at PracticeBeforeThePatient.Tests.Unit.DevAccessStoreTests.IsAdminAsync_ReturnsTrue_OnlyForAdmin() in C:\Users\jpawe\source\repos\kieraschnell\CS495-PracticeBeforeThePatient\PracticeBeforeThePatient.Tests\Unit\DevAccessStoreTests.cs:line 127&#xD;
--- End of stack trace from previous location ---</StackTrace>
        </ErrorInfo>
      </Output>
    </UnitTestResult>
    <UnitTestResult executionId="ca7ef841-7da7-402d-8028-42ca7eeba993" testId="c6d5bba2-48ad-b83c-6dd4-31a024437d70" testName="PracticeBeforeThePatient.Tests.Unit.EntityRelationshipTests.Assignment_CorrectlyLinksToClassAndScenario" computerName="JAS" duration="00:00:00.0114488" startTime="2026-04-01T12:31:34.7758974-05:00" endTime="2026-04-01T12:31:34.7758978-05:00" testType="13cdc9d9-ddb5-4fa4-a97d-d965ccfc6d4b" outcome="Passed" testListId="8c84fa94-04c1-424b-9868-57a2d4851a1d" relativeResultsDirectory="ca7ef841-7da7-402d-8028-42ca7eeba993" />
    <UnitTestResult executionId="bf66df4a-4bcc-4610-a173-4c7cde8ed734" testId="3e265ba1-8ebc-2592-9c8e-2254a98d2fcb" testName="PracticeBeforeThePatient.Tests.Integration.AccessControllerTests.GetAccess_ReturnsAccessResponse" computerName="JAS" duration="00:00:00.0053324" startTime="2026-04-01T12:31:34.8675582-05:00" endTime="2026-04-01T12:31:34.8675584-05:00" testType="13cdc9d9-ddb5-4fa4-a97d-d965ccfc6d4b" outcome="Passed" testListId="8c84fa94-04c1-424b-9868-57a2d4851a1d" relativeResultsDirectory="bf66df4a-4bcc-4610-a173-4c7cde8ed734" />
    <UnitTestResult executionId="f4b8c61f-fc91-4ff5-a017-239156b6dc46" testId="edc21b08-7ea8-33e1-83cf-a9eebf59eac2" testName="PracticeBeforeThePatient.Tests.Integration.ScenariosControllerTests.GetScenarioById_ReturnsNotFound_WhenNotExists" computerName="JAS" duration="00:00:00.8492018" startTime="2026-04-01T12:31:34.6407091-05:00" endTime="2026-04-01T12:31:34.6407092-05:00" testType="13cdc9d9-ddb5-4fa4-a97d-d965ccfc6d4b" outcome="Failed" testListId="8c84fa94-04c1-424b-9868-57a2d4851a1d" relativeResultsDirectory="f4b8c61f-fc91-4ff5-a017-239156b6dc46">
      <Output>
        <ErrorInfo>
          <Message>System.InvalidOperationException : No authenticationScheme was specified, and there was no DefaultForbidScheme found. The default schemes can be set using either AddAuthentication(string defaultScheme) or AddAuthentication(Action&lt;AuthenticationOptions&gt; configureOptions).</Message>
          <StackTrace>   at Microsoft.AspNetCore.Authentication.AuthenticationService.ForbidAsync(HttpContext context, String scheme, AuthenticationProperties properties)&#xD;
   at Microsoft.AspNetCore.Mvc.ForbidResult.ExecuteResultAsync(ActionContext context)&#xD;
   at Microsoft.AspNetCore.Mvc.Infrastructure.ResourceInvoker.&lt;InvokeNextResultFilterAsync&gt;g__Awaited|30_0[TFilter,TFilterAsync](ResourceInvoker invoker, Task lastTask, State next, Scope scope, Object state, Boolean isCompleted)&#xD;
   at Microsoft.AspNetCore.Mvc.Infrastructure.ResourceInvoker.Rethrow(ResultExecutedContextSealed context)&#xD;
   at Microsoft.AspNetCore.Mvc.Infrastructure.ResourceInvoker.ResultNext[TFilter,TFilterAsync](State&amp; next, Scope&amp; scope, Object&amp; state, Boolean&amp; isCompleted)&#xD;
   at Microsoft.AspNetCore.Mvc.Infrastructure.ResourceInvoker.InvokeResultFilters()&#xD;
--- End of stack trace from previous location ---&#xD;
   at Microsoft.AspNetCore.Mvc.Infrastructure.ResourceInvoker.&lt;InvokeFilterPipelineAsync&gt;g__Awaited|20_0(ResourceInvoker invoker, Task lastTask, State next, Scope scope, Object state, Boolean isCompleted)&#xD;
   at Microsoft.AspNetCore.Mvc.Infrastructure.ResourceInvoker.&lt;InvokeAsync&gt;g__Awaited|17_0(ResourceInvoker invoker, Task task, IDisposable scope)&#xD;
   at Microsoft.AspNetCore.Mvc.Infrastructure.ResourceInvoker.&lt;InvokeAsync&gt;g__Awaited|17_0(ResourceInvoker invoker, Task task, IDisposable scope)&#xD;
   at Microsoft.AspNetCore.Authorization.AuthorizationMiddleware.Invoke(HttpContext context)&#xD;
   at Microsoft.AspNetCore.Authentication.AuthenticationMiddleware.Invoke(HttpContext context)&#xD;
   at Microsoft.AspNetCore.TestHost.HttpContextBuilder.&lt;&gt;c__DisplayClass23_0.&lt;&lt;SendAsync&gt;g__RunRequestAsync|0&gt;d.MoveNext()&#xD;
--- End of stack trace from previous location ---&#xD;
   at Microsoft.AspNetCore.TestHost.ClientHandler.SendAsync(HttpRequestMessage request, CancellationToken cancellationToken)&#xD;
   at Microsoft.AspNetCore.Mvc.Testing.Handlers.CookieContainerHandler.SendAsync(HttpRequestMessage request, CancellationToken cancellationToken)&#xD;
   at Microsoft.AspNetCore.Mvc.Testing.Handlers.RedirectHandler.SendAsync(HttpRequestMessage request, CancellationToken cancellationToken)&#xD;
   at System.Net.Http.HttpClient.&lt;SendAsync&gt;g__Core|83_0(HttpRequestMessage request, HttpCompletionOption completionOption, CancellationTokenSource cts, Boolean disposeCts, CancellationTokenSource pendingRequestsCts, CancellationToken originalCancellationToken)&#xD;
   at PracticeBeforeThePatient.Tests.Integration.ScenariosControllerTests.GetScenarioById_ReturnsNotFound_WhenNotExists() in C:\Users\jpawe\source\repos\kieraschnell\CS495-PracticeBeforeThePatient\PracticeBeforeThePatient.Tests\Integration\ScenariosControllerTests.cs:line 61&#xD;
--- End of stack trace from previous location ---</StackTrace>
        </ErrorInfo>
      </Output>
    </UnitTestResult>
    <UnitTestResult executionId="6dccc01a-d710-4824-b4e1-8cd7ef7caa9f" testId="a2d362fd-8ca4-2934-b63e-84e2ba1fbe92" testName="PracticeBeforeThePatient.Tests.Integration.ClassManagementTests.RemoveStudentFromClass_DeletesEnrollment" computerName="JAS" duration="00:00:00.0500468" startTime="2026-04-01T12:31:34.7146960-05:00" endTime="2026-04-01T12:31:34.7146966-05:00" testType="13cdc9d9-ddb5-4fa4-a97d-d965ccfc6d4b" outcome="Passed" testListId="8c84fa94-04c1-424b-9868-57a2d4851a1d" relativeResultsDirectory="6dccc01a-d710-4824-b4e1-8cd7ef7caa9f" />
    <UnitTestResult executionId="96fe8d0f-de3d-405a-959e-183686d9a184" testId="7f9cb81b-d730-368a-228b-c8aa448ccd48" testName="PracticeBeforeThePatient.Tests.Unit.DevAccessStoreTests.NormalizeRole_ReturnsExpectedRole(input: &quot;student&quot;, expected: &quot;student&quot;)" computerName="JAS" duration="00:00:00.0003009" startTime="2026-04-01T12:31:34.6362625-05:00" endTime="2026-04-01T12:31:34.6362626-05:00" testType="13cdc9d9-ddb5-4fa4-a97d-d965ccfc6d4b" outcome="Passed" testListId="8c84fa94-04c1-424b-9868-57a2d4851a1d" relativeResultsDirectory="96fe8d0f-de3d-405a-959e-183686d9a184" />
    <UnitTestResult executionId="6590a716-36d1-4c83-9b9d-ba4975c21132" testId="96c7231c-5ac2-d0ca-308b-ceb3f63e1f43" testName="PracticeBeforeThePatient.Tests.Integration.AccessControllerTests.StudentUser_HasNoElevatedFlags" computerName="JAS" duration="00:00:00.0083855" startTime="2026-04-01T12:31:34.8438114-05:00" endTime="2026-04-01T12:31:34.8438119-05:00" testType="13cdc9d9-ddb5-4fa4-a97d-d965ccfc6d4b" outcome="Passed" testListId="8c84fa94-04c1-424b-9868-57a2d4851a1d" relativeResultsDirectory="6590a716-36d1-4c83-9b9d-ba4975c21132" />
    <UnitTestResult executionId="570b9650-ff5b-4618-b0fb-3af06f42e4d2" testId="fdc425d2-e538-279d-657d-52584c86f89e" testName="PracticeBeforeThePatient.Tests.Integration.GradingTests.SubmissionStates_AreDistinguishable" computerName="JAS" duration="00:00:00.9685583" startTime="2026-04-01T12:31:34.7455328-05:00" endTime="2026-04-01T12:31:34.7455330-05:00" testType="13cdc9d9-ddb5-4fa4-a97d-d965ccfc6d4b" outcome="Passed" testListId="8c84fa94-04c1-424b-9868-57a2d4851a1d" relativeResultsDirectory="570b9650-ff5b-4618-b0fb-3af06f42e4d2" />
    <UnitTestResult executionId="c0c3eaf0-d419-48d6-b6d4-f5885664ac86" testId="dba4f411-aa52-4cef-5bdf-35128ec682c9" testName="PracticeBeforeThePatient.Tests.Unit.DevAccessStoreTests.NormalizeRole_ReturnsExpectedRole(input: &quot;admin&quot;, expected: &quot;admin&quot;)" computerName="JAS" duration="00:00:00.0006427" startTime="2026-04-01T12:31:34.6361488-05:00" endTime="2026-04-01T12:31:34.6361489-05:00" testType="13cdc9d9-ddb5-4fa4-a97d-d965ccfc6d4b" outcome="Passed" testListId="8c84fa94-04c1-424b-9868-57a2d4851a1d" relativeResultsDirectory="c0c3eaf0-d419-48d6-b6d4-f5885664ac86" />
    <UnitTestResult executionId="25e19ac8-70e7-48d0-9528-934bb43d6646" testId="2b45ee21-23b6-baea-3d48-04695549c10f" testName="PracticeBeforeThePatient.Tests.Integration.AccessControllerTests.Teacher_SeesAllScenarios" computerName="JAS" duration="00:00:00.0076716" startTime="2026-04-01T12:31:34.8812277-05:00" endTime="2026-04-01T12:31:34.8812279-05:00" testType="13cdc9d9-ddb5-4fa4-a97d-d965ccfc6d4b" outcome="Passed" testListId="8c84fa94-04c1-424b-9868-57a2d4851a1d" relativeResultsDirectory="25e19ac8-70e7-48d0-9528-934bb43d6646" />
    <UnitTestResult executionId="c2bc9ba0-55b6-4952-94d9-089db8b26961" testId="bf4b2eac-0c18-1872-f259-c91630cc2bc0" testName="PracticeBeforeThePatient.Tests.Unit.EntityRelationshipTests.ClassEntity_CascadeDelete_RemovesTeachersStudentsAssignments" computerName="JAS" duration="00:00:00.9691869" startTime="2026-04-01T12:31:34.7471019-05:00" endTime="2026-04-01T12:31:34.7471020-05:00" testType="13cdc9d9-ddb5-4fa4-a97d-d965ccfc6d4b" outcome="Passed" testListId="8c84fa94-04c1-424b-9868-57a2d4851a1d" relativeResultsDirectory="c2bc9ba0-55b6-4952-94d9-089db8b26961" />
    <UnitTestResult executionId="9fd741d3-1d34-4731-b84c-55c612a242f2" testId="257c04b8-aabd-2549-813a-a5cf6fff296c" testName="PracticeBeforeThePatient.Tests.Unit.DevAccessStoreTests.IsTeacherAsync_ReturnsTrue_ForTeacher" computerName="JAS" duration="00:00:00.0016898" startTime="2026-04-01T12:31:34.6410178-05:00" endTime="2026-04-01T12:31:34.6410179-05:00" testType="13cdc9d9-ddb5-4fa4-a97d-d965ccfc6d4b" outcome="Passed" testListId="8c84fa94-04c1-424b-9868-57a2d4851a1d" relativeResultsDirectory="9fd741d3-1d34-4731-b84c-55c612a242f2" />
    <UnitTestResult executionId="5974ee9c-ae30-44a9-9a6b-fee0c473befb" testId="b620421d-ed40-a06a-0e23-95a2e3d631ca" testName="PracticeBeforeThePatient.Tests.Unit.DevAccessStoreTests.IsTeacherAsync_ReturnsTrue_ForAdmin" computerName="JAS" duration="00:00:00.0013079" startTime="2026-04-01T12:31:34.6420778-05:00" endTime="2026-04-01T12:31:34.6420779-05:00" testType="13cdc9d9-ddb5-4fa4-a97d-d965ccfc6d4b" outcome="Passed" testListId="8c84fa94-04c1-424b-9868-57a2d4851a1d" relativeResultsDirectory="5974ee9c-ae30-44a9-9a6b-fee0c473befb" />
    <UnitTestResult executionId="5c220afd-73c8-4111-90ea-db9ac90577cc" testId="fb50e9c3-d4bd-04a4-ab99-7247d0811c20" testName="PracticeBeforeThePatient.Tests.Unit.DevAccessStoreTests.NormalizeRole_ReturnsExpectedRole(input: &quot;teacher&quot;, expected: &quot;teacher&quot;)" computerName="JAS" duration="00:00:00.0004627" startTime="2026-04-01T12:31:34.6361025-05:00" endTime="2026-04-01T12:31:34.6361026-05:00" testType="13cdc9d9-ddb5-4fa4-a97d-d965ccfc6d4b" outcome="Passed" testListId="8c84fa94-04c1-424b-9868-57a2d4851a1d" relativeResultsDirectory="5c220afd-73c8-4111-90ea-db9ac90577cc" />
    <UnitTestResult executionId="fd407453-7d83-4e8b-a2da-e19acc886322" testId="7351571b-c60a-abbf-d559-0209775fe43a" testName="PracticeBeforeThePatient.Tests.Integration.ClassManagementTests.CreateClass_WithUniqueName_Succeeds" computerName="JAS" duration="00:00:00.0010800" startTime="2026-04-01T12:31:34.7270125-05:00" endTime="2026-04-01T12:31:34.7270128-05:00" testType="13cdc9d9-ddb5-4fa4-a97d-d965ccfc6d4b" outcome="Passed" testListId="8c84fa94-04c1-424b-9868-57a2d4851a1d" relativeResultsDirectory="fd407453-7d83-4e8b-a2da-e19acc886322" />
  </Results>
  <TestDefinitions>
    <UnitTest name="PracticeBeforeThePatient.Tests.Integration.AccessControllerTests.Teacher_SeesAllScenarios" storage="c:\users\jpawe\source\repos\kieraschnell\cs495-practicebeforethepatient\practicebeforethepatient.tests\bin\debug\net9.0\practicebeforethepatient.tests.dll" id="2b45ee21-23b6-baea-3d48-04695549c10f">
      <Execution id="25e19ac8-70e7-48d0-9528-934bb43d6646" />
      <TestMethod codeBase="C:\Users\jpawe\source\repos\kieraschnell\CS495-PracticeBeforeThePatient\PracticeBeforeThePatient.Tests\bin\Debug\net9.0\PracticeBeforeThePatient.Tests.dll" adapterTypeName="executor://xunit/VsTestRunner2/netcoreapp" className="PracticeBeforeThePatient.Tests.Integration.AccessControllerTests" name="Teacher_SeesAllScenarios" />
    </UnitTest>
    <UnitTest name="PracticeBeforeThePatient.Tests.Unit.DevAccessStoreTests.IsTeacherAsync_ReturnsTrue_ForTeacher" storage="c:\users\jpawe\source\repos\kieraschnell\cs495-practicebeforethepatient\practicebeforethepatient.tests\bin\debug\net9.0\practicebeforethepatient.tests.dll" id="257c04b8-aabd-2549-813a-a5cf6fff296c">
      <Execution id="9fd741d3-1d34-4731-b84c-55c612a242f2" />
      <TestMethod codeBase="C:\Users\jpawe\source\repos\kieraschnell\CS495-PracticeBeforeThePatient\PracticeBeforeThePatient.Tests\bin\Debug\net9.0\PracticeBeforeThePatient.Tests.dll" adapterTypeName="executor://xunit/VsTestRunner2/netcoreapp" className="PracticeBeforeThePatient.Tests.Unit.DevAccessStoreTests" name="IsTeacherAsync_ReturnsTrue_ForTeacher" />
    </UnitTest>
    <UnitTest name="PracticeBeforeThePatient.Tests.Integration.GradingTests.Submission_CanBeGraded" storage="c:\users\jpawe\source\repos\kieraschnell\cs495-practicebeforethepatient\practicebeforethepatient.tests\bin\debug\net9.0\practicebeforethepatient.tests.dll" id="05a01b35-a5ef-1c70-3308-13ae88b60218">
      <Execution id="5bd0c30a-428a-4a4f-9bfc-fbeaf96e0135" />
      <TestMethod codeBase="C:\Users\jpawe\source\repos\kieraschnell\CS495-PracticeBeforeThePatient\PracticeBeforeThePatient.Tests\bin\Debug\net9.0\PracticeBeforeThePatient.Tests.dll" adapterTypeName="executor://xunit/VsTestRunner2/netcoreapp" className="PracticeBeforeThePatient.Tests.Integration.GradingTests" name="Submission_CanBeGraded" />
    </UnitTest>
    <UnitTest name="PracticeBeforeThePatient.Tests.Unit.DevAccessStoreTests.GetCurrentRoleAsync_ReturnsTeacherRole_ForTeacherUser" storage="c:\users\jpawe\source\repos\kieraschnell\cs495-practicebeforethepatient\practicebeforethepatient.tests\bin\debug\net9.0\practicebeforethepatient.tests.dll" id="5ce6a17a-a9e0-e07b-6f51-d20d3042edbf">
      <Execution id="c78b28a7-4316-4fd3-a553-33ae3ccae767" />
      <TestMethod codeBase="C:\Users\jpawe\source\repos\kieraschnell\CS495-PracticeBeforeThePatient\PracticeBeforeThePatient.Tests\bin\Debug\net9.0\PracticeBeforeThePatient.Tests.dll" adapterTypeName="executor://xunit/VsTestRunner2/netcoreapp" className="PracticeBeforeThePatient.Tests.Unit.DevAccessStoreTests" name="GetCurrentRoleAsync_ReturnsTeacherRole_ForTeacherUser" />
    </UnitTest>
    <UnitTest name="PracticeBeforeThePatient.Tests.Unit.DevAccessStoreTests.NormalizeRole_ReturnsExpectedRole(input: &quot;unknown&quot;, expected: &quot;student&quot;)" storage="c:\users\jpawe\source\repos\kieraschnell\cs495-practicebeforethepatient\practicebeforethepatient.tests\bin\debug\net9.0\practicebeforethepatient.tests.dll" id="76cc2f4d-a8e1-3219-6788-4b347b05c6d0">
      <Execution id="5b33d5af-b3e7-4505-8dd0-0be45e9f3ed2" />
      <TestMethod codeBase="C:\Users\jpawe\source\repos\kieraschnell\CS495-PracticeBeforeThePatient\PracticeBeforeThePatient.Tests\bin\Debug\net9.0\PracticeBeforeThePatient.Tests.dll" adapterTypeName="executor://xunit/VsTestRunner2/netcoreapp" className="PracticeBeforeThePatient.Tests.Unit.DevAccessStoreTests" name="NormalizeRole_ReturnsExpectedRole" />
    </UnitTest>
    <UnitTest name="PracticeBeforeThePatient.Tests.Unit.EntityRelationshipTests.StudentEnrollment_CorrectlyLinksStudentToClass" storage="c:\users\jpawe\source\repos\kieraschnell\cs495-practicebeforethepatient\practicebeforethepatient.tests\bin\debug\net9.0\practicebeforethepatient.tests.dll" id="73ecead3-a5ab-5f7c-9fcd-dcf5f68f8c95">
      <Execution id="9bc53661-cf3c-4dee-953c-bdc918cd0109" />
      <TestMethod codeBase="C:\Users\jpawe\source\repos\kieraschnell\CS495-PracticeBeforeThePatient\PracticeBeforeThePatient.Tests\bin\Debug\net9.0\PracticeBeforeThePatient.Tests.dll" adapterTypeName="executor://xunit/VsTestRunner2/netcoreapp" className="PracticeBeforeThePatient.Tests.Unit.EntityRelationshipTests" name="StudentEnrollment_CorrectlyLinksStudentToClass" />
    </UnitTest>
    <UnitTest name="PracticeBeforeThePatient.Tests.Integration.ScenariosControllerTests.GetScenarios_ReturnsListOfScenarioIds" storage="c:\users\jpawe\source\repos\kieraschnell\cs495-practicebeforethepatient\practicebeforethepatient.tests\bin\debug\net9.0\practicebeforethepatient.tests.dll" id="31c32491-a6a7-1717-cdf6-2bcab508a440">
      <Execution id="bc9a0cac-3a8d-4472-90e5-79d86f23d0bf" />
      <TestMethod codeBase="C:\Users\jpawe\source\repos\kieraschnell\CS495-PracticeBeforeThePatient\PracticeBeforeThePatient.Tests\bin\Debug\net9.0\PracticeBeforeThePatient.Tests.dll" adapterTypeName="executor://xunit/VsTestRunner2/netcoreapp" className="PracticeBeforeThePatient.Tests.Integration.ScenariosControllerTests" name="GetScenarios_ReturnsListOfScenarioIds" />
    </UnitTest>
    <UnitTest name="PracticeBeforeThePatient.Tests.Integration.AccessControllerTests.AdminUser_HasTeacherAndAdminFlags" storage="c:\users\jpawe\source\repos\kieraschnell\cs495-practicebeforethepatient\practicebeforethepatient.tests\bin\debug\net9.0\practicebeforethepatient.tests.dll" id="c3fb1e9e-4095-d364-c142-e2456682df48">
      <Execution id="6cec8350-f155-4f95-b346-1995a00a11c2" />
      <TestMethod codeBase="C:\Users\jpawe\source\repos\kieraschnell\CS495-PracticeBeforeThePatient\PracticeBeforeThePatient.Tests\bin\Debug\net9.0\PracticeBeforeThePatient.Tests.dll" adapterTypeName="executor://xunit/VsTestRunner2/netcoreapp" className="PracticeBeforeThePatient.Tests.Integration.AccessControllerTests" name="AdminUser_HasTeacherAndAdminFlags" />
    </UnitTest>
    <UnitTest name="PracticeBeforeThePatient.Tests.Unit.DevAccessStoreTests.GetCurrentRoleAsync_ReturnsAdminRole_ForAdminUser" storage="c:\users\jpawe\source\repos\kieraschnell\cs495-practicebeforethepatient\practicebeforethepatient.tests\bin\debug\net9.0\practicebeforethepatient.tests.dll" id="971abf75-948c-b438-91ce-5e25c0b0ca90">
      <Execution id="9195d0a2-5489-46e0-80e6-031cc347faf7" />
      <TestMethod codeBase="C:\Users\jpawe\source\repos\kieraschnell\CS495-PracticeBeforeThePatient\PracticeBeforeThePatient.Tests\bin\Debug\net9.0\PracticeBeforeThePatient.Tests.dll" adapterTypeName="executor://xunit/VsTestRunner2/netcoreapp" className="PracticeBeforeThePatient.Tests.Unit.DevAccessStoreTests" name="GetCurrentRoleAsync_ReturnsAdminRole_ForAdminUser" />
    </UnitTest>
    <UnitTest name="PracticeBeforeThePatient.Tests.Unit.EntityRelationshipTests.ClassEntity_UniqueNameConstraint_Exists" storage="c:\users\jpawe\source\repos\kieraschnell\cs495-practicebeforethepatient\practicebeforethepatient.tests\bin\debug\net9.0\practicebeforethepatient.tests.dll" id="360470d6-78fd-8136-3cf1-cdb8bd89b26d">
      <Execution id="3f5e3c82-50d0-4a40-9565-758cd325cc12" />
      <TestMethod codeBase="C:\Users\jpawe\source\repos\kieraschnell\CS495-PracticeBeforeThePatient\PracticeBeforeThePatient.Tests\bin\Debug\net9.0\PracticeBeforeThePatient.Tests.dll" adapterTypeName="executor://xunit/VsTestRunner2/netcoreapp" className="PracticeBeforeThePatient.Tests.Unit.EntityRelationshipTests" name="ClassEntity_UniqueNameConstraint_Exists" />
    </UnitTest>
    <UnitTest name="PracticeBeforeThePatient.Tests.Integration.AccessControllerTests.TeacherUser_HasTeacherFlagOnly" storage="c:\users\jpawe\source\repos\kieraschnell\cs495-practicebeforethepatient\practicebeforethepatient.tests\bin\debug\net9.0\practicebeforethepatient.tests.dll" id="79a3a9ed-d30c-9483-e365-f36e1ddabdcb">
      <Execution id="7257a04c-31be-45ba-ac83-80c57bdb6e1f" />
      <TestMethod codeBase="C:\Users\jpawe\source\repos\kieraschnell\CS495-PracticeBeforeThePatient\PracticeBeforeThePatient.Tests\bin\Debug\net9.0\PracticeBeforeThePatient.Tests.dll" adapterTypeName="executor://xunit/VsTestRunner2/netcoreapp" className="PracticeBeforeThePatient.Tests.Integration.AccessControllerTests" name="TeacherUser_HasTeacherFlagOnly" />
    </UnitTest>
    <UnitTest name="PracticeBeforeThePatient.Tests.Unit.DevAccessStoreTests.IsTeacherAsync_ReturnsFalse_ForStudent" storage="c:\users\jpawe\source\repos\kieraschnell\cs495-practicebeforethepatient\practicebeforethepatient.tests\bin\debug\net9.0\practicebeforethepatient.tests.dll" id="d6ccf409-2283-113e-c139-2a7213c85b04">
      <Execution id="498b0d18-ff27-4e32-b34c-fc60310451a4" />
      <TestMethod codeBase="C:\Users\jpawe\source\repos\kieraschnell\CS495-PracticeBeforeThePatient\PracticeBeforeThePatient.Tests\bin\Debug\net9.0\PracticeBeforeThePatient.Tests.dll" adapterTypeName="executor://xunit/VsTestRunner2/netcoreapp" className="PracticeBeforeThePatient.Tests.Unit.DevAccessStoreTests" name="IsTeacherAsync_ReturnsFalse_ForStudent" />
    </UnitTest>
    <UnitTest name="PracticeBeforeThePatient.Tests.Integration.AccessControllerTests.SetTheme_UpdatesUserTheme" storage="c:\users\jpawe\source\repos\kieraschnell\cs495-practicebeforethepatient\practicebeforethepatient.tests\bin\debug\net9.0\practicebeforethepatient.tests.dll" id="c70b220e-c6e8-2426-565e-e630114be344">
      <Execution id="b7387fde-62d8-4833-9030-2434bcd1f1fd" />
      <TestMethod codeBase="C:\Users\jpawe\source\repos\kieraschnell\CS495-PracticeBeforeThePatient\PracticeBeforeThePatient.Tests\bin\Debug\net9.0\PracticeBeforeThePatient.Tests.dll" adapterTypeName="executor://xunit/VsTestRunner2/netcoreapp" className="PracticeBeforeThePatient.Tests.Integration.AccessControllerTests" name="SetTheme_UpdatesUserTheme" />
    </UnitTest>
    <UnitTest name="PracticeBeforeThePatient.Tests.Integration.ClassManagementTests.RemoveStudentFromClass_DeletesEnrollment" storage="c:\users\jpawe\source\repos\kieraschnell\cs495-practicebeforethepatient\practicebeforethepatient.tests\bin\debug\net9.0\practicebeforethepatient.tests.dll" id="a2d362fd-8ca4-2934-b63e-84e2ba1fbe92">
      <Execution id="6dccc01a-d710-4824-b4e1-8cd7ef7caa9f" />
      <TestMethod codeBase="C:\Users\jpawe\source\repos\kieraschnell\CS495-PracticeBeforeThePatient\PracticeBeforeThePatient.Tests\bin\Debug\net9.0\PracticeBeforeThePatient.Tests.dll" adapterTypeName="executor://xunit/VsTestRunner2/netcoreapp" className="PracticeBeforeThePatient.Tests.Integration.ClassManagementTests" name="RemoveStudentFromClass_DeletesEnrollment" />
    </UnitTest>
    <UnitTest name="PracticeBeforeThePatient.Tests.Unit.DevAccessStoreTests.NormalizeRole_ReturnsExpectedRole(input: &quot;teacher&quot;, expected: &quot;teacher&quot;)" storage="c:\users\jpawe\source\repos\kieraschnell\cs495-practicebeforethepatient\practicebeforethepatient.tests\bin\debug\net9.0\practicebeforethepatient.tests.dll" id="fb50e9c3-d4bd-04a4-ab99-7247d0811c20">
      <Execution id="5c220afd-73c8-4111-90ea-db9ac90577cc" />
      <TestMethod codeBase="C:\Users\jpawe\source\repos\kieraschnell\CS495-PracticeBeforeThePatient\PracticeBeforeThePatient.Tests\bin\Debug\net9.0\PracticeBeforeThePatient.Tests.dll" adapterTypeName="executor://xunit/VsTestRunner2/netcoreapp" className="PracticeBeforeThePatient.Tests.Unit.DevAccessStoreTests" name="NormalizeRole_ReturnsExpectedRole" />
    </UnitTest>
    <UnitTest name="PracticeBeforeThePatient.Tests.Unit.DevAccessStoreTests.SetThemeForCurrentEmailAsync_SetsTheme" storage="c:\users\jpawe\source\repos\kieraschnell\cs495-practicebeforethepatient\practicebeforethepatient.tests\bin\debug\net9.0\practicebeforethepatient.tests.dll" id="452709e8-1da6-8610-0925-66c7f0cfe24c">
      <Execution id="a5b9e2d6-5e68-4065-b661-ac64a6e036b1" />
      <TestMethod codeBase="C:\Users\jpawe\source\repos\kieraschnell\CS495-PracticeBeforeThePatient\PracticeBeforeThePatient.Tests\bin\Debug\net9.0\PracticeBeforeThePatient.Tests.dll" adapterTypeName="executor://xunit/VsTestRunner2/netcoreapp" className="PracticeBeforeThePatient.Tests.Unit.DevAccessStoreTests" name="SetThemeForCurrentEmailAsync_SetsTheme" />
    </UnitTest>
    <UnitTest name="PracticeBeforeThePatient.Tests.Unit.ScenarioValidationTests.Scenario_MustHaveTitle" storage="c:\users\jpawe\source\repos\kieraschnell\cs495-practicebeforethepatient\practicebeforethepatient.tests\bin\debug\net9.0\practicebeforethepatient.tests.dll" id="e3db8f60-8528-f4fb-6710-95bd24e29e52">
      <Execution id="f88db302-8633-4a0c-83bf-de7945cb6ea5" />
      <TestMethod codeBase="C:\Users\jpawe\source\repos\kieraschnell\CS495-PracticeBeforeThePatient\PracticeBeforeThePatient.Tests\bin\Debug\net9.0\PracticeBeforeThePatient.Tests.dll" adapterTypeName="executor://xunit/VsTestRunner2/netcoreapp" className="PracticeBeforeThePatient.Tests.Unit.ScenarioValidationTests" name="Scenario_MustHaveTitle" />
    </UnitTest>
    <UnitTest name="PracticeBeforeThePatient.Tests.Unit.EntityRelationshipTests.Submission_CorrectlyLinksToAssignmentAndStudent" storage="c:\users\jpawe\source\repos\kieraschnell\cs495-practicebeforethepatient\practicebeforethepatient.tests\bin\debug\net9.0\practicebeforethepatient.tests.dll" id="90d0483b-68da-eb76-83a3-ea23c584bbcc">
      <Execution id="9549c183-d401-4427-a3a9-a36c812f8366" />
      <TestMethod codeBase="C:\Users\jpawe\source\repos\kieraschnell\CS495-PracticeBeforeThePatient\PracticeBeforeThePatient.Tests\bin\Debug\net9.0\PracticeBeforeThePatient.Tests.dll" adapterTypeName="executor://xunit/VsTestRunner2/netcoreapp" className="PracticeBeforeThePatient.Tests.Unit.EntityRelationshipTests" name="Submission_CorrectlyLinksToAssignmentAndStudent" />
    </UnitTest>
    <UnitTest name="PracticeBeforeThePatient.Tests.Unit.DevAccessStoreTests.GetCurrentRoleAsync_ReturnsStudentRole_ForStudentUser" storage="c:\users\jpawe\source\repos\kieraschnell\cs495-practicebeforethepatient\practicebeforethepatient.tests\bin\debug\net9.0\practicebeforethepatient.tests.dll" id="16ab9b37-434f-c0f1-c37b-c65a038b9372">
      <Execution id="971e688c-536f-49c1-a35c-1fff43c7c6bb" />
      <TestMethod codeBase="C:\Users\jpawe\source\repos\kieraschnell\CS495-PracticeBeforeThePatient\PracticeBeforeThePatient.Tests\bin\Debug\net9.0\PracticeBeforeThePatient.Tests.dll" adapterTypeName="executor://xunit/VsTestRunner2/netcoreapp" className="PracticeBeforeThePatient.Tests.Unit.DevAccessStoreTests" name="GetCurrentRoleAsync_ReturnsStudentRole_ForStudentUser" />
    </UnitTest>
    <UnitTest name="PracticeBeforeThePatient.Tests.Unit.EntityRelationshipTests.ClassEntity_CascadeDelete_RemovesTeachersStudentsAssignments" storage="c:\users\jpawe\source\repos\kieraschnell\cs495-practicebeforethepatient\practicebeforethepatient.tests\bin\debug\net9.0\practicebeforethepatient.tests.dll" id="bf4b2eac-0c18-1872-f259-c91630cc2bc0">
      <Execution id="c2bc9ba0-55b6-4952-94d9-089db8b26961" />
      <TestMethod codeBase="C:\Users\jpawe\source\repos\kieraschnell\CS495-PracticeBeforeThePatient\PracticeBeforeThePatient.Tests\bin\Debug\net9.0\PracticeBeforeThePatient.Tests.dll" adapterTypeName="executor://xunit/VsTestRunner2/netcoreapp" className="PracticeBeforeThePatient.Tests.Unit.EntityRelationshipTests" name="ClassEntity_CascadeDelete_RemovesTeachersStudentsAssignments" />
    </UnitTest>
    <UnitTest name="PracticeBeforeThePatient.Tests.Unit.DevAccessStoreTests.NormalizeRole_ReturnsExpectedRole(input: &quot;admin&quot;, expected: &quot;admin&quot;)" storage="c:\users\jpawe\source\repos\kieraschnell\cs495-practicebeforethepatient\practicebeforethepatient.tests\bin\debug\net9.0\practicebeforethepatient.tests.dll" id="dba4f411-aa52-4cef-5bdf-35128ec682c9">
      <Execution id="c0c3eaf0-d419-48d6-b6d4-f5885664ac86" />
      <TestMethod codeBase="C:\Users\jpawe\source\repos\kieraschnell\CS495-PracticeBeforeThePatient\PracticeBeforeThePatient.Tests\bin\Debug\net9.0\PracticeBeforeThePatient.Tests.dll" adapterTypeName="executor://xunit/VsTestRunner2/netcoreapp" className="PracticeBeforeThePatient.Tests.Unit.DevAccessStoreTests" name="NormalizeRole_ReturnsExpectedRole" />
    </UnitTest>
    <UnitTest name="PracticeBeforeThePatient.Tests.Integration.GradingTests.SubmissionStates_AreDistinguishable" storage="c:\users\jpawe\source\repos\kieraschnell\cs495-practicebeforethepatient\practicebeforethepatient.tests\bin\debug\net9.0\practicebeforethepatient.tests.dll" id="fdc425d2-e538-279d-657d-52584c86f89e">
      <Execution id="570b9650-ff5b-4618-b0fb-3af06f42e4d2" />
      <TestMethod codeBase="C:\Users\jpawe\source\repos\kieraschnell\CS495-PracticeBeforeThePatient\PracticeBeforeThePatient.Tests\bin\Debug\net9.0\PracticeBeforeThePatient.Tests.dll" adapterTypeName="executor://xunit/VsTestRunner2/netcoreapp" className="PracticeBeforeThePatient.Tests.Integration.GradingTests" name="SubmissionStates_AreDistinguishable" />
    </UnitTest>
    <UnitTest name="PracticeBeforeThePatient.Tests.Unit.DevAccessStoreTests.NormalizeRole_ReturnsExpectedRole(input: &quot;student&quot;, expected: &quot;student&quot;)" storage="c:\users\jpawe\source\repos\kieraschnell\cs495-practicebeforethepatient\practicebeforethepatient.tests\bin\debug\net9.0\practicebeforethepatient.tests.dll" id="7f9cb81b-d730-368a-228b-c8aa448ccd48">
      <Execution id="96fe8d0f-de3d-405a-959e-183686d9a184" />
      <TestMethod codeBase="C:\Users\jpawe\source\repos\kieraschnell\CS495-PracticeBeforeThePatient\PracticeBeforeThePatient.Tests\bin\Debug\net9.0\PracticeBeforeThePatient.Tests.dll" adapterTypeName="executor://xunit/VsTestRunner2/netcoreapp" className="PracticeBeforeThePatient.Tests.Unit.DevAccessStoreTests" name="NormalizeRole_ReturnsExpectedRole" />
    </UnitTest>
    <UnitTest name="PracticeBeforeThePatient.Tests.Integration.AccessControllerTests.SetDevUser_ChangesCurrentUser" storage="c:\users\jpawe\source\repos\kieraschnell\cs495-practicebeforethepatient\practicebeforethepatient.tests\bin\debug\net9.0\practicebeforethepatient.tests.dll" id="84c3214a-a6d4-ece8-4931-ae14c58c8f49">
      <Execution id="2ca6e236-044b-43a9-b683-f66291ce5927" />
      <TestMethod codeBase="C:\Users\jpawe\source\repos\kieraschnell\CS495-PracticeBeforeThePatient\PracticeBeforeThePatient.Tests\bin\Debug\net9.0\PracticeBeforeThePatient.Tests.dll" adapterTypeName="executor://xunit/VsTestRunner2/netcoreapp" className="PracticeBeforeThePatient.Tests.Integration.AccessControllerTests" name="SetDevUser_ChangesCurrentUser" />
    </UnitTest>
    <UnitTest name="PracticeBeforeThePatient.Tests.Integration.ClassManagementTests.AddTeacherToClass_CreatesTeachingAssignment" storage="c:\users\jpawe\source\repos\kieraschnell\cs495-practicebeforethepatient\practicebeforethepatient.tests\bin\debug\net9.0\practicebeforethepatient.tests.dll" id="9e5e806d-0afb-2a68-9989-dcd808e18fe5">
      <Execution id="5248d70b-dad5-41cf-88b1-eced68b2960a" />
      <TestMethod codeBase="C:\Users\jpawe\source\repos\kieraschnell\CS495-PracticeBeforeThePatient\PracticeBeforeThePatient.Tests\bin\Debug\net9.0\PracticeBeforeThePatient.Tests.dll" adapterTypeName="executor://xunit/VsTestRunner2/netcoreapp" className="PracticeBeforeThePatient.Tests.Integration.ClassManagementTests" name="AddTeacherToClass_CreatesTeachingAssignment" />
    </UnitTest>
    <UnitTest name="PracticeBeforeThePatient.Tests.Unit.ScenarioValidationTests.Scenario_HasRequiredProperties" storage="c:\users\jpawe\source\repos\kieraschnell\cs495-practicebeforethepatient\practicebeforethepatient.tests\bin\debug\net9.0\practicebeforethepatient.tests.dll" id="e6019dfd-edb4-a836-524d-3ce12ea178a3">
      <Execution id="4b26a7f9-8644-4789-bd72-6f82b74d8452" />
      <TestMethod codeBase="C:\Users\jpawe\source\repos\kieraschnell\CS495-PracticeBeforeThePatient\PracticeBeforeThePatient.Tests\bin\Debug\net9.0\PracticeBeforeThePatient.Tests.dll" adapterTypeName="executor://xunit/VsTestRunner2/netcoreapp" className="PracticeBeforeThePatient.Tests.Unit.ScenarioValidationTests" name="Scenario_HasRequiredProperties" />
    </UnitTest>
    <UnitTest name="PracticeBeforeThePatient.Tests.Integration.AccessControllerTests.Student_SeesOnlyAssignedScenarios" storage="c:\users\jpawe\source\repos\kieraschnell\cs495-practicebeforethepatient\practicebeforethepatient.tests\bin\debug\net9.0\practicebeforethepatient.tests.dll" id="bcc4cecd-e3a3-2c8b-8c73-6d8b267be21c">
      <Execution id="0be7a1b3-ba7a-4a45-ba6b-64e8bf180e18" />
      <TestMethod codeBase="C:\Users\jpawe\source\repos\kieraschnell\CS495-PracticeBeforeThePatient\PracticeBeforeThePatient.Tests\bin\Debug\net9.0\PracticeBeforeThePatient.Tests.dll" adapterTypeName="executor://xunit/VsTestRunner2/netcoreapp" className="PracticeBeforeThePatient.Tests.Integration.AccessControllerTests" name="Student_SeesOnlyAssignedScenarios" />
    </UnitTest>
    <UnitTest name="PracticeBeforeThePatient.Tests.Integration.GradingTests.Grade_AcceptsValidRange(grade: 0)" storage="c:\users\jpawe\source\repos\kieraschnell\cs495-practicebeforethepatient\practicebeforethepatient.tests\bin\debug\net9.0\practicebeforethepatient.tests.dll" id="722a179a-1007-2153-cea1-cf7254996070">
      <Execution id="01a4b2d8-ce6a-4977-95ae-15a4c63b9b96" />
      <TestMethod codeBase="C:\Users\jpawe\source\repos\kieraschnell\CS495-PracticeBeforeThePatient\PracticeBeforeThePatient.Tests\bin\Debug\net9.0\PracticeBeforeThePatient.Tests.dll" adapterTypeName="executor://xunit/VsTestRunner2/netcoreapp" className="PracticeBeforeThePatient.Tests.Integration.GradingTests" name="Grade_AcceptsValidRange" />
    </UnitTest>
    <UnitTest name="PracticeBeforeThePatient.Tests.Integration.ClassManagementTests.AddStudentToClass_CreatesEnrollment" storage="c:\users\jpawe\source\repos\kieraschnell\cs495-practicebeforethepatient\practicebeforethepatient.tests\bin\debug\net9.0\practicebeforethepatient.tests.dll" id="6ec65e93-7392-b43a-f26e-1349f4938880">
      <Execution id="491a105d-a4e2-4e0f-a2ac-948bf6b6e432" />
      <TestMethod codeBase="C:\Users\jpawe\source\repos\kieraschnell\CS495-PracticeBeforeThePatient\PracticeBeforeThePatient.Tests\bin\Debug\net9.0\PracticeBeforeThePatient.Tests.dll" adapterTypeName="executor://xunit/VsTestRunner2/netcoreapp" className="PracticeBeforeThePatient.Tests.Integration.ClassManagementTests" name="AddStudentToClass_CreatesEnrollment" />
    </UnitTest>
    <UnitTest name="PracticeBeforeThePatient.Tests.Unit.DevAccessStoreTests.IsTeacherAsync_ReturnsTrue_ForAdmin" storage="c:\users\jpawe\source\repos\kieraschnell\cs495-practicebeforethepatient\practicebeforethepatient.tests\bin\debug\net9.0\practicebeforethepatient.tests.dll" id="b620421d-ed40-a06a-0e23-95a2e3d631ca">
      <Execution id="5974ee9c-ae30-44a9-9a6b-fee0c473befb" />
      <TestMethod codeBase="C:\Users\jpawe\source\repos\kieraschnell\CS495-PracticeBeforeThePatient\PracticeBeforeThePatient.Tests\bin\Debug\net9.0\PracticeBeforeThePatient.Tests.dll" adapterTypeName="executor://xunit/VsTestRunner2/netcoreapp" className="PracticeBeforeThePatient.Tests.Unit.DevAccessStoreTests" name="IsTeacherAsync_ReturnsTrue_ForAdmin" />
    </UnitTest>
    <UnitTest name="PracticeBeforeThePatient.Tests.Unit.EntityRelationshipTests.UserEntity_UniqueEmailConstraint_PreventsDuplicates" storage="c:\users\jpawe\source\repos\kieraschnell\cs495-practicebeforethepatient\practicebeforethepatient.tests\bin\debug\net9.0\practicebeforethepatient.tests.dll" id="a9a94827-7026-ff72-038b-fda7fbe205bd">
      <Execution id="f310a610-847f-4540-a630-09f98d71a503" />
      <TestMethod codeBase="C:\Users\jpawe\source\repos\kieraschnell\CS495-PracticeBeforeThePatient\PracticeBeforeThePatient.Tests\bin\Debug\net9.0\PracticeBeforeThePatient.Tests.dll" adapterTypeName="executor://xunit/VsTestRunner2/netcoreapp" className="PracticeBeforeThePatient.Tests.Unit.EntityRelationshipTests" name="UserEntity_UniqueEmailConstraint_PreventsDuplicates" />
    </UnitTest>
    <UnitTest name="PracticeBeforeThePatient.Tests.Unit.DevAccessStoreTests.GetThemeForCurrentEmailAsync_ReturnsLightByDefault" storage="c:\users\jpawe\source\repos\kieraschnell\cs495-practicebeforethepatient\practicebeforethepatient.tests\bin\debug\net9.0\practicebeforethepatient.tests.dll" id="cab5da44-6b87-1a5e-0df1-cdb01a2b83e3">
      <Execution id="29398e27-4397-421e-8518-aa056927e314" />
      <TestMethod codeBase="C:\Users\jpawe\source\repos\kieraschnell\CS495-PracticeBeforeThePatient\PracticeBeforeThePatient.Tests\bin\Debug\net9.0\PracticeBeforeThePatient.Tests.dll" adapterTypeName="executor://xunit/VsTestRunner2/netcoreapp" className="PracticeBeforeThePatient.Tests.Unit.DevAccessStoreTests" name="GetThemeForCurrentEmailAsync_ReturnsLightByDefault" />
    </UnitTest>
    <UnitTest name="PracticeBeforeThePatient.Tests.Unit.DevAccessStoreTests.NormalizeRole_ReturnsExpectedRole(input: null, expected: &quot;student&quot;)" storage="c:\users\jpawe\source\repos\kieraschnell\cs495-practicebeforethepatient\practicebeforethepatient.tests\bin\debug\net9.0\practicebeforethepatient.tests.dll" id="8f6283c0-c335-4ca0-648e-b93b2092a017">
      <Execution id="f84a7ee5-344a-4158-995e-9f8573dd0443" />
      <TestMethod codeBase="C:\Users\jpawe\source\repos\kieraschnell\CS495-PracticeBeforeThePatient\PracticeBeforeThePatient.Tests\bin\Debug\net9.0\PracticeBeforeThePatient.Tests.dll" adapterTypeName="executor://xunit/VsTestRunner2/netcoreapp" className="PracticeBeforeThePatient.Tests.Unit.DevAccessStoreTests" name="NormalizeRole_ReturnsExpectedRole" />
    </UnitTest>
    <UnitTest name="PracticeBeforeThePatient.Tests.Unit.DevAccessStoreTests.IsAdminAsync_ReturnsTrue_OnlyForAdmin" storage="c:\users\jpawe\source\repos\kieraschnell\cs495-practicebeforethepatient\practicebeforethepatient.tests\bin\debug\net9.0\practicebeforethepatient.tests.dll" id="d4c40bf0-ed03-b9ab-da02-ad6ac1d4101e">
      <Execution id="55518fdf-84ca-48ac-9bad-46a252561e2e" />
      <TestMethod codeBase="C:\Users\jpawe\source\repos\kieraschnell\CS495-PracticeBeforeThePatient\PracticeBeforeThePatient.Tests\bin\Debug\net9.0\PracticeBeforeThePatient.Tests.dll" adapterTypeName="executor://xunit/VsTestRunner2/netcoreapp" className="PracticeBeforeThePatient.Tests.Unit.DevAccessStoreTests" name="IsAdminAsync_ReturnsTrue_OnlyForAdmin" />
    </UnitTest>
    <UnitTest name="PracticeBeforeThePatient.Tests.Unit.EntityRelationshipTests.Assignment_CorrectlyLinksToClassAndScenario" storage="c:\users\jpawe\source\repos\kieraschnell\cs495-practicebeforethepatient\practicebeforethepatient.tests\bin\debug\net9.0\practicebeforethepatient.tests.dll" id="c6d5bba2-48ad-b83c-6dd4-31a024437d70">
      <Execution id="ca7ef841-7da7-402d-8028-42ca7eeba993" />
      <TestMethod codeBase="C:\Users\jpawe\source\repos\kieraschnell\CS495-PracticeBeforeThePatient\PracticeBeforeThePatient.Tests\bin\Debug\net9.0\PracticeBeforeThePatient.Tests.dll" adapterTypeName="executor://xunit/VsTestRunner2/netcoreapp" className="PracticeBeforeThePatient.Tests.Unit.EntityRelationshipTests" name="Assignment_CorrectlyLinksToClassAndScenario" />
    </UnitTest>
    <UnitTest name="PracticeBeforeThePatient.Tests.Unit.DevAccessStoreTests.SetCurrentEmailAsync_UpdatesCurrentEmail" storage="c:\users\jpawe\source\repos\kieraschnell\cs495-practicebeforethepatient\practicebeforethepatient.tests\bin\debug\net9.0\practicebeforethepatient.tests.dll" id="cea62f3b-1af1-3912-417a-4fb17374cf23">
      <Execution id="57b58263-1f02-404a-89e0-939c7613343b" />
      <TestMethod codeBase="C:\Users\jpawe\source\repos\kieraschnell\CS495-PracticeBeforeThePatient\PracticeBeforeThePatient.Tests\bin\Debug\net9.0\PracticeBeforeThePatient.Tests.dll" adapterTypeName="executor://xunit/VsTestRunner2/netcoreapp" className="PracticeBeforeThePatient.Tests.Unit.DevAccessStoreTests" name="SetCurrentEmailAsync_UpdatesCurrentEmail" />
    </UnitTest>
    <UnitTest name="PracticeBeforeThePatient.Tests.Unit.DevAccessStoreTests.NormalizeRole_ReturnsExpectedRole(input: &quot;instructor&quot;, expected: &quot;teacher&quot;)" storage="c:\users\jpawe\source\repos\kieraschnell\cs495-practicebeforethepatient\practicebeforethepatient.tests\bin\debug\net9.0\practicebeforethepatient.tests.dll" id="d26b9dac-c0c4-389d-e049-5c82c6b66f17">
      <Execution id="77bdcfbf-5b86-4835-b15d-d704d5134bee" />
      <TestMethod codeBase="C:\Users\jpawe\source\repos\kieraschnell\CS495-PracticeBeforeThePatient\PracticeBeforeThePatient.Tests\bin\Debug\net9.0\PracticeBeforeThePatient.Tests.dll" adapterTypeName="executor://xunit/VsTestRunner2/netcoreapp" className="PracticeBeforeThePatient.Tests.Unit.DevAccessStoreTests" name="NormalizeRole_ReturnsExpectedRole" />
    </UnitTest>
    <UnitTest name="PracticeBeforeThePatient.Tests.Integration.AccessControllerTests.GetAccess_ReturnsAccessResponse" storage="c:\users\jpawe\source\repos\kieraschnell\cs495-practicebeforethepatient\practicebeforethepatient.tests\bin\debug\net9.0\practicebeforethepatient.tests.dll" id="3e265ba1-8ebc-2592-9c8e-2254a98d2fcb">
      <Execution id="bf66df4a-4bcc-4610-a173-4c7cde8ed734" />
      <TestMethod codeBase="C:\Users\jpawe\source\repos\kieraschnell\CS495-PracticeBeforeThePatient\PracticeBeforeThePatient.Tests\bin\Debug\net9.0\PracticeBeforeThePatient.Tests.dll" adapterTypeName="executor://xunit/VsTestRunner2/netcoreapp" className="PracticeBeforeThePatient.Tests.Integration.AccessControllerTests" name="GetAccess_ReturnsAccessResponse" />
    </UnitTest>
    <UnitTest name="PracticeBeforeThePatient.Tests.Integration.AccessControllerTests.StudentUser_HasNoElevatedFlags" storage="c:\users\jpawe\source\repos\kieraschnell\cs495-practicebeforethepatient\practicebeforethepatient.tests\bin\debug\net9.0\practicebeforethepatient.tests.dll" id="96c7231c-5ac2-d0ca-308b-ceb3f63e1f43">
      <Execution id="6590a716-36d1-4c83-9b9d-ba4975c21132" />
      <TestMethod codeBase="C:\Users\jpawe\source\repos\kieraschnell\CS495-PracticeBeforeThePatient\PracticeBeforeThePatient.Tests\bin\Debug\net9.0\PracticeBeforeThePatient.Tests.dll" adapterTypeName="executor://xunit/VsTestRunner2/netcoreapp" className="PracticeBeforeThePatient.Tests.Integration.AccessControllerTests" name="StudentUser_HasNoElevatedFlags" />
    </UnitTest>
    <UnitTest name="PracticeBeforeThePatient.Tests.Integration.ScenariosControllerTests.GetScenarioById_ReturnsScenario_WhenExists" storage="c:\users\jpawe\source\repos\kieraschnell\cs495-practicebeforethepatient\practicebeforethepatient.tests\bin\debug\net9.0\practicebeforethepatient.tests.dll" id="fc6d8f1d-84bd-5d6c-2ac1-bd6fe587ac5d">
      <Execution id="12250c5c-25ce-445d-964f-1659b0c5675d" />
      <TestMethod codeBase="C:\Users\jpawe\source\repos\kieraschnell\CS495-PracticeBeforeThePatient\PracticeBeforeThePatient.Tests\bin\Debug\net9.0\PracticeBeforeThePatient.Tests.dll" adapterTypeName="executor://xunit/VsTestRunner2/netcoreapp" className="PracticeBeforeThePatient.Tests.Integration.ScenariosControllerTests" name="GetScenarioById_ReturnsScenario_WhenExists" />
    </UnitTest>
    <UnitTest name="PracticeBeforeThePatient.Tests.Unit.DevAccessStoreTests.SetThemeForCurrentEmailAsync_ReturnsFalse_WhenNoUserSet" storage="c:\users\jpawe\source\repos\kieraschnell\cs495-practicebeforethepatient\practicebeforethepatient.tests\bin\debug\net9.0\practicebeforethepatient.tests.dll" id="0ca5d452-2b2b-c4ea-4fed-0f59460c572c">
      <Execution id="18254d42-3f90-4d3d-acaf-05662d80635d" />
      <TestMethod codeBase="C:\Users\jpawe\source\repos\kieraschnell\CS495-PracticeBeforeThePatient\PracticeBeforeThePatient.Tests\bin\Debug\net9.0\PracticeBeforeThePatient.Tests.dll" adapterTypeName="executor://xunit/VsTestRunner2/netcoreapp" className="PracticeBeforeThePatient.Tests.Unit.DevAccessStoreTests" name="SetThemeForCurrentEmailAsync_ReturnsFalse_WhenNoUserSet" />
    </UnitTest>
    <UnitTest name="PracticeBeforeThePatient.Tests.Integration.GradingTests.Grade_AcceptsValidRange(grade: 50)" storage="c:\users\jpawe\source\repos\kieraschnell\cs495-practicebeforethepatient\practicebeforethepatient.tests\bin\debug\net9.0\practicebeforethepatient.tests.dll" id="17c4c705-dd25-6902-48ec-0d51cab436b4">
      <Execution id="51a543c3-3d17-4121-b332-c2e322f9bc86" />
      <TestMethod codeBase="C:\Users\jpawe\source\repos\kieraschnell\CS495-PracticeBeforeThePatient\PracticeBeforeThePatient.Tests\bin\Debug\net9.0\PracticeBeforeThePatient.Tests.dll" adapterTypeName="executor://xunit/VsTestRunner2/netcoreapp" className="PracticeBeforeThePatient.Tests.Integration.GradingTests" name="Grade_AcceptsValidRange" />
    </UnitTest>
    <UnitTest name="PracticeBeforeThePatient.Tests.Integration.ClassManagementTests.CreateAssignment_WithScenarioAndDueDate_Succeeds" storage="c:\users\jpawe\source\repos\kieraschnell\cs495-practicebeforethepatient\practicebeforethepatient.tests\bin\debug\net9.0\practicebeforethepatient.tests.dll" id="f3ef6de2-7fbb-bfa0-c225-e1f23673596a">
      <Execution id="1aa735f0-27d7-4443-a039-1e92a47e607a" />
      <TestMethod codeBase="C:\Users\jpawe\source\repos\kieraschnell\CS495-PracticeBeforeThePatient\PracticeBeforeThePatient.Tests\bin\Debug\net9.0\PracticeBeforeThePatient.Tests.dll" adapterTypeName="executor://xunit/VsTestRunner2/netcoreapp" className="PracticeBeforeThePatient.Tests.Integration.ClassManagementTests" name="CreateAssignment_WithScenarioAndDueDate_Succeeds" />
    </UnitTest>
    <UnitTest name="PracticeBeforeThePatient.Tests.Integration.AccessControllerTests.GetAccess_ReturnsOk" storage="c:\users\jpawe\source\repos\kieraschnell\cs495-practicebeforethepatient\practicebeforethepatient.tests\bin\debug\net9.0\practicebeforethepatient.tests.dll" id="1d39ba0b-2ad6-8151-aa4e-b1daacfdd15e">
      <Execution id="cfc8652c-9716-49d8-8d48-991a58e58ef9" />
      <TestMethod codeBase="C:\Users\jpawe\source\repos\kieraschnell\CS495-PracticeBeforeThePatient\PracticeBeforeThePatient.Tests\bin\Debug\net9.0\PracticeBeforeThePatient.Tests.dll" adapterTypeName="executor://xunit/VsTestRunner2/netcoreapp" className="PracticeBeforeThePatient.Tests.Integration.AccessControllerTests" name="GetAccess_ReturnsOk" />
    </UnitTest>
    <UnitTest name="PracticeBeforeThePatient.Tests.Integration.ClassManagementTests.CreateClass_WithUniqueName_Succeeds" storage="c:\users\jpawe\source\repos\kieraschnell\cs495-practicebeforethepatient\practicebeforethepatient.tests\bin\debug\net9.0\practicebeforethepatient.tests.dll" id="7351571b-c60a-abbf-d559-0209775fe43a">
      <Execution id="fd407453-7d83-4e8b-a2da-e19acc886322" />
      <TestMethod codeBase="C:\Users\jpawe\source\repos\kieraschnell\CS495-PracticeBeforeThePatient\PracticeBeforeThePatient.Tests\bin\Debug\net9.0\PracticeBeforeThePatient.Tests.dll" adapterTypeName="executor://xunit/VsTestRunner2/netcoreapp" className="PracticeBeforeThePatient.Tests.Integration.ClassManagementTests" name="CreateClass_WithUniqueName_Succeeds" />
    </UnitTest>
    <UnitTest name="PracticeBeforeThePatient.Tests.Integration.ClassManagementTests.AddingStudent_CreatesUserIfNotExists" storage="c:\users\jpawe\source\repos\kieraschnell\cs495-practicebeforethepatient\practicebeforethepatient.tests\bin\debug\net9.0\practicebeforethepatient.tests.dll" id="1ca7cc5b-040f-7a8f-fd65-eda7c359d6b6">
      <Execution id="7227e613-1c90-4139-8378-27462a94a4e8" />
      <TestMethod codeBase="C:\Users\jpawe\source\repos\kieraschnell\CS495-PracticeBeforeThePatient\PracticeBeforeThePatient.Tests\bin\Debug\net9.0\PracticeBeforeThePatient.Tests.dll" adapterTypeName="executor://xunit/VsTestRunner2/netcoreapp" className="PracticeBeforeThePatient.Tests.Integration.ClassManagementTests" name="AddingStudent_CreatesUserIfNotExists" />
    </UnitTest>
    <UnitTest name="PracticeBeforeThePatient.Tests.Integration.ScenariosControllerTests.GetScenarios_ReturnsOk" storage="c:\users\jpawe\source\repos\kieraschnell\cs495-practicebeforethepatient\practicebeforethepatient.tests\bin\debug\net9.0\practicebeforethepatient.tests.dll" id="7f2b04db-30b4-13be-7d72-aa058d874a4e">
      <Execution id="16b6b979-885b-481e-a55f-e633b2feb281" />
      <TestMethod codeBase="C:\Users\jpawe\source\repos\kieraschnell\CS495-PracticeBeforeThePatient\PracticeBeforeThePatient.Tests\bin\Debug\net9.0\PracticeBeforeThePatient.Tests.dll" adapterTypeName="executor://xunit/VsTestRunner2/netcoreapp" className="PracticeBeforeThePatient.Tests.Integration.ScenariosControllerTests" name="GetScenarios_ReturnsOk" />
    </UnitTest>
    <UnitTest name="PracticeBeforeThePatient.Tests.Integration.GradingTests.Grade_AcceptsValidRange(grade: 100)" storage="c:\users\jpawe\source\repos\kieraschnell\cs495-practicebeforethepatient\practicebeforethepatient.tests\bin\debug\net9.0\practicebeforethepatient.tests.dll" id="95fab907-7273-7f19-955e-785f7ed3cc79">
      <Execution id="0b17fb2d-0cfe-4d94-9797-afb3fc01e10d" />
      <TestMethod codeBase="C:\Users\jpawe\source\repos\kieraschnell\CS495-PracticeBeforeThePatient\PracticeBeforeThePatient.Tests\bin\Debug\net9.0\PracticeBeforeThePatient.Tests.dll" adapterTypeName="executor://xunit/VsTestRunner2/netcoreapp" className="PracticeBeforeThePatient.Tests.Integration.GradingTests" name="Grade_AcceptsValidRange" />
    </UnitTest>
    <UnitTest name="PracticeBeforeThePatient.Tests.Unit.ScenarioValidationTests.Scenario_WithTitle_IsValid" storage="c:\users\jpawe\source\repos\kieraschnell\cs495-practicebeforethepatient\practicebeforethepatient.tests\bin\debug\net9.0\practicebeforethepatient.tests.dll" id="b87ce562-5818-30a6-5b16-66da05beae9d">
      <Execution id="1be0b393-bb12-4d93-a8d8-10afc422f096" />
      <TestMethod codeBase="C:\Users\jpawe\source\repos\kieraschnell\CS495-PracticeBeforeThePatient\PracticeBeforeThePatient.Tests\bin\Debug\net9.0\PracticeBeforeThePatient.Tests.dll" adapterTypeName="executor://xunit/VsTestRunner2/netcoreapp" className="PracticeBeforeThePatient.Tests.Unit.ScenarioValidationTests" name="Scenario_WithTitle_IsValid" />
    </UnitTest>
    <UnitTest name="PracticeBeforeThePatient.Tests.Integration.AccessControllerTests.SetDevUser_ReturnsBadRequest_WhenBodyIsNull" storage="c:\users\jpawe\source\repos\kieraschnell\cs495-practicebeforethepatient\practicebeforethepatient.tests\bin\debug\net9.0\practicebeforethepatient.tests.dll" id="8e58f3cd-a441-5a79-48a1-42b26559d9fe">
      <Execution id="949cccb1-e869-4d02-988e-1993c3bc5d7c" />
      <TestMethod codeBase="C:\Users\jpawe\source\repos\kieraschnell\CS495-PracticeBeforeThePatient\PracticeBeforeThePatient.Tests\bin\Debug\net9.0\PracticeBeforeThePatient.Tests.dll" adapterTypeName="executor://xunit/VsTestRunner2/netcoreapp" className="PracticeBeforeThePatient.Tests.Integration.AccessControllerTests" name="SetDevUser_ReturnsBadRequest_WhenBodyIsNull" />
    </UnitTest>
    <UnitTest name="PracticeBeforeThePatient.Tests.Unit.DevAccessStoreTests.GetCurrentEmailAsync_ReturnsDefaultEmail_WhenNotSet" storage="c:\users\jpawe\source\repos\kieraschnell\cs495-practicebeforethepatient\practicebeforethepatient.tests\bin\debug\net9.0\practicebeforethepatient.tests.dll" id="16fa8a8a-7f64-5caa-aad0-bb18d54e3334">
      <Execution id="7260ec2f-412a-45b0-befb-08773335a4db" />
      <TestMethod codeBase="C:\Users\jpawe\source\repos\kieraschnell\CS495-PracticeBeforeThePatient\PracticeBeforeThePatient.Tests\bin\Debug\net9.0\PracticeBeforeThePatient.Tests.dll" adapterTypeName="executor://xunit/VsTestRunner2/netcoreapp" className="PracticeBeforeThePatient.Tests.Unit.DevAccessStoreTests" name="GetCurrentEmailAsync_ReturnsDefaultEmail_WhenNotSet" />
    </UnitTest>
    <UnitTest name="PracticeBeforeThePatient.Tests.Integration.ScenariosControllerTests.GetScenarioById_ReturnsNotFound_WhenNotExists" storage="c:\users\jpawe\source\repos\kieraschnell\cs495-practicebeforethepatient\practicebeforethepatient.tests\bin\debug\net9.0\practicebeforethepatient.tests.dll" id="edc21b08-7ea8-33e1-83cf-a9eebf59eac2">
      <Execution id="f4b8c61f-fc91-4ff5-a017-239156b6dc46" />
      <TestMethod codeBase="C:\Users\jpawe\source\repos\kieraschnell\CS495-PracticeBeforeThePatient\PracticeBeforeThePatient.Tests\bin\Debug\net9.0\PracticeBeforeThePatient.Tests.dll" adapterTypeName="executor://xunit/VsTestRunner2/netcoreapp" className="PracticeBeforeThePatient.Tests.Integration.ScenariosControllerTests" name="GetScenarioById_ReturnsNotFound_WhenNotExists" />
    </UnitTest>
    <UnitTest name="PracticeBeforeThePatient.Tests.Unit.DevAccessStoreTests.NormalizeRole_ReturnsExpectedRole(input: &quot;ADMIN&quot;, expected: &quot;admin&quot;)" storage="c:\users\jpawe\source\repos\kieraschnell\cs495-practicebeforethepatient\practicebeforethepatient.tests\bin\debug\net9.0\practicebeforethepatient.tests.dll" id="4b8c328f-d155-9b44-a0c8-25fde8c0894e">
      <Execution id="df073d03-c354-42e9-87f8-2e5f0b7fb5a6" />
[...]
    <TestEntry testId="5ce6a17a-a9e0-e07b-6f51-d20d3042edbf" executionId="c78b28a7-4316-4fd3-a553-33ae3ccae767" testListId="8c84fa94-04c1-424b-9868-57a2d4851a1d" />
    <TestEntry testId="e3db8f60-8528-f4fb-6710-95bd24e29e52" executionId="f88db302-8633-4a0c-83bf-de7945cb6ea5" testListId="8c84fa94-04c1-424b-9868-57a2d4851a1d" />
    <TestEntry testId="1d39ba0b-2ad6-8151-aa4e-b1daacfdd15e" executionId="cfc8652c-9716-49d8-8d48-991a58e58ef9" testListId="8c84fa94-04c1-424b-9868-57a2d4851a1d" />
    <TestEntry testId="c70b220e-c6e8-2426-565e-e630114be344" executionId="b7387fde-62d8-4833-9030-2434bcd1f1fd" testListId="8c84fa94-04c1-424b-9868-57a2d4851a1d" />
    <TestEntry testId="c3fb1e9e-4095-d364-c142-e2456682df48" executionId="6cec8350-f155-4f95-b346-1995a00a11c2" testListId="8c84fa94-04c1-424b-9868-57a2d4851a1d" />
    <TestEntry testId="6ec65e93-7392-b43a-f26e-1349f4938880" executionId="491a105d-a4e2-4e0f-a2ac-948bf6b6e432" testListId="8c84fa94-04c1-424b-9868-57a2d4851a1d" />
    <TestEntry testId="722a179a-1007-2153-cea1-cf7254996070" executionId="01a4b2d8-ce6a-4977-95ae-15a4c63b9b96" testListId="8c84fa94-04c1-424b-9868-57a2d4851a1d" />
    <TestEntry testId="84c3214a-a6d4-ece8-4931-ae14c58c8f49" executionId="2ca6e236-044b-43a9-b683-f66291ce5927" testListId="8c84fa94-04c1-424b-9868-57a2d4851a1d" />
    <TestEntry testId="31c32491-a6a7-1717-cdf6-2bcab508a440" executionId="bc9a0cac-3a8d-4472-90e5-79d86f23d0bf" testListId="8c84fa94-04c1-424b-9868-57a2d4851a1d" />
    <TestEntry testId="05a01b35-a5ef-1c70-3308-13ae88b60218" executionId="5bd0c30a-428a-4a4f-9bfc-fbeaf96e0135" testListId="8c84fa94-04c1-424b-9868-57a2d4851a1d" />
    <TestEntry testId="0ca5d452-2b2b-c4ea-4fed-0f59460c572c" executionId="18254d42-3f90-4d3d-acaf-05662d80635d" testListId="8c84fa94-04c1-424b-9868-57a2d4851a1d" />
    <TestEntry testId="b87ce562-5818-30a6-5b16-66da05beae9d" executionId="1be0b393-bb12-4d93-a8d8-10afc422f096" testListId="8c84fa94-04c1-424b-9868-57a2d4851a1d" />
    <TestEntry testId="73ecead3-a5ab-5f7c-9fcd-dcf5f68f8c95" executionId="9bc53661-cf3c-4dee-953c-bdc918cd0109" testListId="8c84fa94-04c1-424b-9868-57a2d4851a1d" />
    <TestEntry testId="a9a94827-7026-ff72-038b-fda7fbe205bd" executionId="f310a610-847f-4540-a630-09f98d71a503" testListId="8c84fa94-04c1-424b-9868-57a2d4851a1d" />
    <TestEntry testId="971abf75-948c-b438-91ce-5e25c0b0ca90" executionId="9195d0a2-5489-46e0-80e6-031cc347faf7" testListId="8c84fa94-04c1-424b-9868-57a2d4851a1d" />
    <TestEntry testId="76cc2f4d-a8e1-3219-6788-4b347b05c6d0" executionId="5b33d5af-b3e7-4505-8dd0-0be45e9f3ed2" testListId="8c84fa94-04c1-424b-9868-57a2d4851a1d" />
    <TestEntry testId="17c4c705-dd25-6902-48ec-0d51cab436b4" executionId="51a543c3-3d17-4121-b332-c2e322f9bc86" testListId="8c84fa94-04c1-424b-9868-57a2d4851a1d" />
    <TestEntry testId="360470d6-78fd-8136-3cf1-cdb8bd89b26d" executionId="3f5e3c82-50d0-4a40-9565-758cd325cc12" testListId="8c84fa94-04c1-424b-9868-57a2d4851a1d" />
    <TestEntry testId="fc6d8f1d-84bd-5d6c-2ac1-bd6fe587ac5d" executionId="12250c5c-25ce-445d-964f-1659b0c5675d" testListId="8c84fa94-04c1-424b-9868-57a2d4851a1d" />
    <TestEntry testId="cea62f3b-1af1-3912-417a-4fb17374cf23" executionId="57b58263-1f02-404a-89e0-939c7613343b" testListId="8c84fa94-04c1-424b-9868-57a2d4851a1d" />
    <TestEntry testId="95fab907-7273-7f19-955e-785f7ed3cc79" executionId="0b17fb2d-0cfe-4d94-9797-afb3fc01e10d" testListId="8c84fa94-04c1-424b-9868-57a2d4851a1d" />
    <TestEntry testId="bcc4cecd-e3a3-2c8b-8c73-6d8b267be21c" executionId="0be7a1b3-ba7a-4a45-ba6b-64e8bf180e18" testListId="8c84fa94-04c1-424b-9868-57a2d4851a1d" />
    <TestEntry testId="452709e8-1da6-8610-0925-66c7f0cfe24c" executionId="a5b9e2d6-5e68-4065-b661-ac64a6e036b1" testListId="8c84fa94-04c1-424b-9868-57a2d4851a1d" />
    <TestEntry testId="cab5da44-6b87-1a5e-0df1-cdb01a2b83e3" executionId="29398e27-4397-421e-8518-aa056927e314" testListId="8c84fa94-04c1-424b-9868-57a2d4851a1d" />
    <TestEntry testId="1ca7cc5b-040f-7a8f-fd65-eda7c359d6b6" executionId="7227e613-1c90-4139-8378-27462a94a4e8" testListId="8c84fa94-04c1-424b-9868-57a2d4851a1d" />
    <TestEntry testId="d26b9dac-c0c4-389d-e049-5c82c6b66f17" executionId="77bdcfbf-5b86-4835-b15d-d704d5134bee" testListId="8c84fa94-04c1-424b-9868-57a2d4851a1d" />
    <TestEntry testId="79a3a9ed-d30c-9483-e365-f36e1ddabdcb" executionId="7257a04c-31be-45ba-ac83-80c57bdb6e1f" testListId="8c84fa94-04c1-424b-9868-57a2d4851a1d" />
    <TestEntry testId="e6019dfd-edb4-a836-524d-3ce12ea178a3" executionId="4b26a7f9-8644-4789-bd72-6f82b74d8452" testListId="8c84fa94-04c1-424b-9868-57a2d4851a1d" />
    <TestEntry testId="90d0483b-68da-eb76-83a3-ea23c584bbcc" executionId="9549c183-d401-4427-a3a9-a36c812f8366" testListId="8c84fa94-04c1-424b-9868-57a2d4851a1d" />
    <TestEntry testId="f3ef6de2-7fbb-bfa0-c225-e1f23673596a" executionId="1aa735f0-27d7-4443-a039-1e92a47e607a" testListId="8c84fa94-04c1-424b-9868-57a2d4851a1d" />
    <TestEntry testId="d4c40bf0-ed03-b9ab-da02-ad6ac1d4101e" executionId="55518fdf-84ca-48ac-9bad-46a252561e2e" testListId="8c84fa94-04c1-424b-9868-57a2d4851a1d" />
    <TestEntry testId="c6d5bba2-48ad-b83c-6dd4-31a024437d70" executionId="ca7ef841-7da7-402d-8028-42ca7eeba993" testListId="8c84fa94-04c1-424b-9868-57a2d4851a1d" />
    <TestEntry testId="3e265ba1-8ebc-2592-9c8e-2254a98d2fcb" executionId="bf66df4a-4bcc-4610-a173-4c7cde8ed734" testListId="8c84fa94-04c1-424b-9868-57a2d4851a1d" />
    <TestEntry testId="edc21b08-7ea8-33e1-83cf-a9eebf59eac2" executionId="f4b8c61f-fc91-4ff5-a017-239156b6dc46" testListId="8c84fa94-04c1-424b-9868-57a2d4851a1d" />
    <TestEntry testId="a2d362fd-8ca4-2934-b63e-84e2ba1fbe92" executionId="6dccc01a-d710-4824-b4e1-8cd7ef7caa9f" testListId="8c84fa94-04c1-424b-9868-57a2d4851a1d" />
    <TestEntry testId="7f9cb81b-d730-368a-228b-c8aa448ccd48" executionId="96fe8d0f-de3d-405a-959e-183686d9a184" testListId="8c84fa94-04c1-424b-9868-57a2d4851a1d" />
    <TestEntry testId="96c7231c-5ac2-d0ca-308b-ceb3f63e1f43" executionId="6590a716-36d1-4c83-9b9d-ba4975c21132" testListId="8c84fa94-04c1-424b-9868-57a2d4851a1d" />
    <TestEntry testId="fdc425d2-e538-279d-657d-52584c86f89e" executionId="570b9650-ff5b-4618-b0fb-3af06f42e4d2" testListId="8c84fa94-04c1-424b-9868-57a2d4851a1d" />
    <TestEntry testId="dba4f411-aa52-4cef-5bdf-35128ec682c9" executionId="c0c3eaf0-d419-48d6-b6d4-f5885664ac86" testListId="8c84fa94-04c1-424b-9868-57a2d4851a1d" />
    <TestEntry testId="2b45ee21-23b6-baea-3d48-04695549c10f" executionId="25e19ac8-70e7-48d0-9528-934bb43d6646" testListId="8c84fa94-04c1-424b-9868-57a2d4851a1d" />
    <TestEntry testId="bf4b2eac-0c18-1872-f259-c91630cc2bc0" executionId="c2bc9ba0-55b6-4952-94d9-089db8b26961" testListId="8c84fa94-04c1-424b-9868-57a2d4851a1d" />
    <TestEntry testId="257c04b8-aabd-2549-813a-a5cf6fff296c" executionId="9fd741d3-1d34-4731-b84c-55c612a242f2" testListId="8c84fa94-04c1-424b-9868-57a2d4851a1d" />
    <TestEntry testId="b620421d-ed40-a06a-0e23-95a2e3d631ca" executionId="5974ee9c-ae30-44a9-9a6b-fee0c473befb" testListId="8c84fa94-04c1-424b-9868-57a2d4851a1d" />
    <TestEntry testId="fb50e9c3-d4bd-04a4-ab99-7247d0811c20" executionId="5c220afd-73c8-4111-90ea-db9ac90577cc" testListId="8c84fa94-04c1-424b-9868-57a2d4851a1d" />
    <TestEntry testId="7351571b-c60a-abbf-d559-0209775fe43a" executionId="fd407453-7d83-4e8b-a2da-e19acc886322" testListId="8c84fa94-04c1-424b-9868-57a2d4851a1d" />
  </TestEntries>
  <TestLists>
    <TestList name="Results Not in a List" id="8c84fa94-04c1-424b-9868-57a2d4851a1d" />
    <TestList name="All Loaded Results" id="19431567-8539-422a-85d7-44ee4e166bda" />
  </TestLists>
  <ResultSummary outcome="Failed">
    <Counters total="53" executed="53" passed="49" failed="4" error="0" timeout="0" aborted="0" inconclusive="0" passedButRunAborted="0" notRunnable="0" notExecuted="0" disconnected="0" warning="0" completed="0" inProgress="0" pending="0" />
    <Output>
      <StdOut>[xUnit.net 00:00:00.00] xUnit.net VSTest Adapter v2.8.2+699d445a1a (64-bit .NET 9.0.12)&#xD;
[xUnit.net 00:00:00.12]   Discovering: PracticeBeforeThePatient.Tests&#xD;
[xUnit.net 00:00:00.19]   Discovered:  PracticeBeforeThePatient.Tests&#xD;
[xUnit.net 00:00:00.20]   Starting:    PracticeBeforeThePatient.Tests&#xD;
[xUnit.net 00:00:01.11]       System.ObjectDisposedException : Cannot access a disposed context instance. A common cause of this error is disposing a context instance that was resolved from dependency injection and then later trying to use the same context instance elsewhere in your application. This may occur if you are calling 'Dispose' on the context instance, or wrapping it in a using statement. If you are using dependency injection, you should let the dependency injection container take care of disposing context instances.&#xD;
[xUnit.net 00:00:01.11]       Object name: 'AppDbContext'.&#xD;
[xUnit.net 00:00:01.11]       Stack Trace:&#xD;
[xUnit.net 00:00:01.11]            at Microsoft.EntityFrameworkCore.DbContext.CheckDisposed()&#xD;
[xUnit.net 00:00:01.11]            at Microsoft.EntityFrameworkCore.DbContext.get_DbContextDependencies()&#xD;
[xUnit.net 00:00:01.11]            at Microsoft.EntityFrameworkCore.DbContext.Set[TEntity]()&#xD;
[xUnit.net 00:00:01.11]         C:\Users\jpawe\source\repos\kieraschnell\CS495-PracticeBeforeThePatient\PracticeBeforeThePatient.Api\Data\AppDbContext.cs(10,0): at PracticeBeforeThePatient.Data.AppDbContext.get_Users()&#xD;
[xUnit.net 00:00:01.11]         C:\Users\jpawe\source\repos\kieraschnell\CS495-PracticeBeforeThePatient\PracticeBeforeThePatient.Api\Services\DevAccessStore.cs(46,0): at PracticeBeforeThePatient.Services.DevAccessStore.GetCurrentRoleAsync()&#xD;
[xUnit.net 00:00:01.11]         C:\Users\jpawe\source\repos\kieraschnell\CS495-PracticeBeforeThePatient\PracticeBeforeThePatient.Api\Services\DevAccessStore.cs(59,0): at PracticeBeforeThePatient.Services.DevAccessStore.IsAdminAsync()&#xD;
[xUnit.net 00:00:01.11]         C:\Users\jpawe\source\repos\kieraschnell\CS495-PracticeBeforeThePatient\PracticeBeforeThePatient.Tests\Unit\DevAccessStoreTests.cs(127,0): at PracticeBeforeThePatient.Tests.Unit.DevAccessStoreTests.IsAdminAsync_ReturnsTrue_OnlyForAdmin()&#xD;
[xUnit.net 00:00:01.11]         --- End of stack trace from previous location ---&#xD;
[xUnit.net 00:00:01.11]       System.InvalidOperationException : No authenticationScheme was specified, and there was no DefaultForbidScheme found. The default schemes can be set using either AddAuthentication(string defaultScheme) or AddAuthentication(Action&lt;AuthenticationOptions&gt; configureOptions).&#xD;
[xUnit.net 00:00:01.11]       Stack Trace:&#xD;
[xUnit.net 00:00:01.12]            at Microsoft.AspNetCore.Authentication.AuthenticationService.ForbidAsync(HttpContext context, String scheme, AuthenticationProperties properties)&#xD;
[xUnit.net 00:00:01.12]            at Microsoft.AspNetCore.Mvc.ForbidResult.ExecuteResultAsync(ActionContext context)&#xD;
[xUnit.net 00:00:01.12]            at Microsoft.AspNetCore.Mvc.Infrastructure.ResourceInvoker.&lt;InvokeNextResultFilterAsync&gt;g__Awaited|30_0[TFilter,TFilterAsync](ResourceInvoker invoker, Task lastTask, State next, Scope scope, Object state, Boolean isCompleted)&#xD;
[xUnit.net 00:00:01.12]            at Microsoft.AspNetCore.Mvc.Infrastructure.ResourceInvoker.Rethrow(ResultExecutedContextSealed context)&#xD;
[xUnit.net 00:00:01.12]            at Microsoft.AspNetCore.Mvc.Infrastructure.ResourceInvoker.ResultNext[TFilter,TFilterAsync](State&amp; next, Scope&amp; scope, Object&amp; state, Boolean&amp; isCompleted)&#xD;
[xUnit.net 00:00:01.12]            at Microsoft.AspNetCore.Mvc.Infrastructure.ResourceInvoker.InvokeResultFilters()&#xD;
[xUnit.net 00:00:01.12]         --- End of stack trace from previous location ---&#xD;
[xUnit.net 00:00:01.12]            at Microsoft.AspNetCore.Mvc.Infrastructure.ResourceInvoker.&lt;InvokeFilterPipelineAsync&gt;g__Awaited|20_0(ResourceInvoker invoker, Task lastTask, State next, Scope scope, Object state, Boolean isCompleted)&#xD;
[xUnit.net 00:00:01.12]            at Microsoft.AspNetCore.Mvc.Infrastructure.ResourceInvoker.&lt;InvokeAsync&gt;g__Awaited|17_0(ResourceInvoker invoker, Task task, IDisposable scope)&#xD;
[xUnit.net 00:00:01.12]            at Microsoft.AspNetCore.Mvc.Infrastructure.ResourceInvoker.&lt;InvokeAsync&gt;g__Awaited|17_0(ResourceInvoker invoker, Task task, IDisposable scope)&#xD;
[xUnit.net 00:00:01.12]            at Microsoft.AspNetCore.Authorization.AuthorizationMiddleware.Invoke(HttpContext context)&#xD;
[xUnit.net 00:00:01.12]            at Microsoft.AspNetCore.Authentication.AuthenticationMiddleware.Invoke(HttpContext context)&#xD;
[xUnit.net 00:00:01.12]            at Microsoft.AspNetCore.TestHost.HttpContextBuilder.&lt;&gt;c__DisplayClass23_0.&lt;&lt;SendAsync&gt;g__RunRequestAsync|0&gt;d.MoveNext()&#xD;
[xUnit.net 00:00:01.12]         --- End of stack trace from previous location ---&#xD;
[xUnit.net 00:00:01.12]            at Microsoft.AspNetCore.TestHost.ClientHandler.SendAsync(HttpRequestMessage request, CancellationToken cancellationToken)&#xD;
[xUnit.net 00:00:01.12]            at Microsoft.AspNetCore.Mvc.Testing.Handlers.CookieContainerHandler.SendAsync(HttpRequestMessage request, CancellationToken cancellationToken)&#xD;
[xUnit.net 00:00:01.12]            at Microsoft.AspNetCore.Mvc.Testing.Handlers.RedirectHandler.SendAsync(HttpRequestMessage request, CancellationToken cancellationToken)&#xD;
[xUnit.net 00:00:01.12]            at System.Net.Http.HttpClient.&lt;SendAsync&gt;g__Core|83_0(HttpRequestMessage request, HttpCompletionOption completionOption, CancellationTokenSource cts, Boolean disposeCts, CancellationTokenSource pendingRequestsCts, CancellationToken originalCancellationToken)&#xD;
[xUnit.net 00:00:01.12]         C:\Users\jpawe\source\repos\kieraschnell\CS495-PracticeBeforeThePatient\PracticeBeforeThePatient.Tests\Integration\ScenariosControllerTests.cs(61,0): at PracticeBeforeThePatient.Tests.Integration.ScenariosControllerTests.GetScenarioById_ReturnsNotFound_WhenNotExists()&#xD;
[xUnit.net 00:00:01.12]         --- End of stack trace from previous location ---&#xD;
[xUnit.net 00:00:01.20]       Assert.Contains() Failure: Item not found in collection&#xD;
[xUnit.net 00:00:01.20]       Collection: []&#xD;
[xUnit.net 00:00:01.20]       Not found:  "list-scenario-1"&#xD;
[xUnit.net 00:00:01.20]       Stack Trace:&#xD;
[xUnit.net 00:00:01.20]         C:\Users\jpawe\source\repos\kieraschnell\CS495-PracticeBeforeThePatient\PracticeBeforeThePatient.Tests\Integration\ScenariosControllerTests.cs(40,0): at PracticeBeforeThePatient.Tests.Integration.ScenariosControllerTests.GetScenarios_ReturnsListOfScenarioIds()&#xD;
[xUnit.net 00:00:01.20]         --- End of stack trace from previous location ---&#xD;
[xUnit.net 00:00:01.21]       System.InvalidOperationException : No authenticationScheme was specified, and there was no DefaultForbidScheme found. The default schemes can be set using either AddAuthentication(string defaultScheme) or AddAuthentication(Action&lt;AuthenticationOptions&gt; configureOptions).&#xD;
[xUnit.net 00:00:01.21]       Stack Trace:&#xD;
[xUnit.net 00:00:01.21]            at Microsoft.AspNetCore.Authentication.AuthenticationService.ForbidAsync(HttpContext context, String scheme, AuthenticationProperties properties)&#xD;
[xUnit.net 00:00:01.21]            at Microsoft.AspNetCore.Mvc.ForbidResult.ExecuteResultAsync(ActionContext context)&#xD;
[xUnit.net 00:00:01.21]            at Microsoft.AspNetCore.Mvc.Infrastructure.ResourceInvoker.&lt;InvokeNextResultFilterAsync&gt;g__Awaited|30_0[TFilter,TFilterAsync](ResourceInvoker invoker, Task lastTask, State next, Scope scope, Object state, Boolean isCompleted)&#xD;
[xUnit.net 00:00:01.21]            at Microsoft.AspNetCore.Mvc.Infrastructure.ResourceInvoker.Rethrow(ResultExecutedContextSealed context)&#xD;
[xUnit.net 00:00:01.21]            at Microsoft.AspNetCore.Mvc.Infrastructure.ResourceInvoker.ResultNext[TFilter,TFilterAsync](State&amp; next, Scope&amp; scope, Object&amp; state, Boolean&amp; isCompleted)&#xD;
[xUnit.net 00:00:01.21]            at Microsoft.AspNetCore.Mvc.Infrastructure.ResourceInvoker.InvokeResultFilters()&#xD;
[xUnit.net 00:00:01.21]         --- End of stack trace from previous location ---&#xD;
[xUnit.net 00:00:01.21]            at Microsoft.AspNetCore.Mvc.Infrastructure.ResourceInvoker.&lt;InvokeFilterPipelineAsync&gt;g__Awaited|20_0(ResourceInvoker invoker, Task lastTask, State next, Scope scope, Object state, Boolean isCompleted)&#xD;
[xUnit.net 00:00:01.21]            at Microsoft.AspNetCore.Mvc.Infrastructure.ResourceInvoker.&lt;InvokeAsync&gt;g__Awaited|17_0(ResourceInvoker invoker, Task task, IDisposable scope)&#xD;
[xUnit.net 00:00:01.21]            at Microsoft.AspNetCore.Mvc.Infrastructure.ResourceInvoker.&lt;InvokeAsync&gt;g__Awaited|17_0(ResourceInvoker invoker, Task task, IDisposable scope)&#xD;
[xUnit.net 00:00:01.21]            at Microsoft.AspNetCore.Authorization.AuthorizationMiddleware.Invoke(HttpContext context)&#xD;
[xUnit.net 00:00:01.21]            at Microsoft.AspNetCore.Authentication.AuthenticationMiddleware.Invoke(HttpContext context)&#xD;
[xUnit.net 00:00:01.21]            at Microsoft.AspNetCore.TestHost.HttpContextBuilder.&lt;&gt;c__DisplayClass23_0.&lt;&lt;SendAsync&gt;g__RunRequestAsync|0&gt;d.MoveNext()&#xD;
[xUnit.net 00:00:01.21]         --- End of stack trace from previous location ---&#xD;
[xUnit.net 00:00:01.21]            at Microsoft.AspNetCore.TestHost.ClientHandler.SendAsync(HttpRequestMessage request, CancellationToken cancellationToken)&#xD;
[xUnit.net 00:00:01.21]            at Microsoft.AspNetCore.Mvc.Testing.Handlers.CookieContainerHandler.SendAsync(HttpRequestMessage request, CancellationToken cancellationToken)&#xD;
[xUnit.net 00:00:01.21]            at Microsoft.AspNetCore.Mvc.Testing.Handlers.RedirectHandler.SendAsync(HttpRequestMessage request, CancellationToken cancellationToken)&#xD;
[xUnit.net 00:00:01.21]            at System.Net.Http.HttpClient.&lt;SendAsync&gt;g__Core|83_0(HttpRequestMessage request, HttpCompletionOption completionOption, CancellationTokenSource cts, Boolean disposeCts, CancellationTokenSource pendingRequestsCts, CancellationToken originalCancellationToken)&#xD;
[xUnit.net 00:00:01.21]         C:\Users\jpawe\source\repos\kieraschnell\CS495-PracticeBeforeThePatient\PracticeBeforeThePatient.Tests\Integration\ScenariosControllerTests.cs(52,0): at PracticeBeforeThePatient.Tests.Integration.ScenariosControllerTests.GetScenarioById_ReturnsScenario_WhenExists()&#xD;
[xUnit.net 00:00:01.21]         --- End of stack trace from previous location ---&#xD;
[xUnit.net 00:00:01.36]   Finished:    PracticeBeforeThePatient.Tests&#xD;
</StdOut>
    </Output>
    <RunInfos>
      <RunInfo computerName="JAS" outcome="Error" timestamp="2026-04-01T12:31:34.6319410-05:00">
        <Text>[xUnit.net 00:00:01.11]     PracticeBeforeThePatient.Tests.Unit.DevAccessStoreTests.IsAdminAsync_ReturnsTrue_OnlyForAdmin [FAIL]</Text>
      </RunInfo>
      <RunInfo computerName="JAS" outcome="Error" timestamp="2026-04-01T12:31:34.6451786-05:00">
        <Text>[xUnit.net 00:00:01.11]     PracticeBeforeThePatient.Tests.Integration.ScenariosControllerTests.GetScenarioById_ReturnsNotFound_WhenNotExists [FAIL]</Text>
      </RunInfo>
      <RunInfo computerName="JAS" outcome="Error" timestamp="2026-04-01T12:31:34.7195190-05:00">
        <Text>[xUnit.net 00:00:01.19]     PracticeBeforeThePatient.Tests.Integration.ScenariosControllerTests.GetScenarios_ReturnsListOfScenarioIds [FAIL]</Text>
      </RunInfo>
      <RunInfo computerName="JAS" outcome="Error" timestamp="2026-04-01T12:31:34.7333506-05:00">
        <Text>[xUnit.net 00:00:01.21]     PracticeBeforeThePatient.Tests.Integration.ScenariosControllerTests.GetScenarioById_ReturnsScenario_WhenExists [FAIL]</Text>
      </RunInfo>
    </RunInfos>
  </ResultSummary>
</TestRun>